#
# There is insufficient memory for the Java Runtime Environment to continue.
# Native memory allocation (mmap) failed to map 132120576 bytes for G1 virtual space
# Possible reasons:
#   The system is out of physical RAM or swap space
#   The process is running with CompressedOops enabled, and the Java Heap may be blocking the growth of the native heap
# Possible solutions:
#   Reduce memory load on the system
#   Increase physical memory or swap space
#   Check if swap backing store is full
#   Decrease Java heap size (-Xmx/-Xms)
#   Decrease number of Java threads
#   Decrease Java thread stack sizes (-Xss)
#   Set larger code cache with -XX:ReservedCodeCacheSize=
#   JVM is running with Unscaled Compressed Oops mode in which the Java heap is
#     placed in the first 4GB address space. The Java Heap base address is the
#     maximum limit for the native heap growth. Please use -XX:HeapBaseMinAddress
#     to set the Java Heap base and to place the Java Heap above 4GB virtual address.
# This output file may be truncated or incomplete.
#
#  Out of Memory Error (os_windows.cpp:3466), pid=8336, tid=14020
#
# JRE version:  (16.0.1+9) (build )
# Java VM: OpenJDK 64-Bit Server VM (16.0.1+9-24, mixed mode, sharing, tiered, compressed oops, compressed class ptrs, g1 gc, windows-amd64)
# No core dump will be written. Minidumps are not enabled by default on client versions of Windows
#

---------------  S U M M A R Y ------------

Command Line: -javaagent:C:\Program Files\JetBrains\IntelliJ IDEA Community Edition 2020.3.1\lib\idea_rt.jar=60213:C:\Program Files\JetBrains\IntelliJ IDEA Community Edition 2020.3.1\bin -Dfile.encoding=UTF-8 com.company.Main

Host: Intel(R) Pentium(R) CPU B960 @ 2.20GHz, 2 cores, 7G,  Windows 10 , 64 bit Build 19041 (10.0.19041.1348)
Time: Sat Dec  4 02:09:25 2021  Windows 10 , 64 bit Build 19041 (10.0.19041.1348) elapsed time: 0.085060 seconds (0d 0h 0m 0s)

---------------  T H R E A D  ---------------

Current thread (0x0000016b272e87f0):  JavaThread "Unknown thread" [_thread_in_vm, id=14020, stack(0x000000110d000000,0x000000110d100000)]

Stack: [0x000000110d000000,0x000000110d100000]
Native frames: (J=compiled Java code, j=interpreted, Vv=VM code, C=native code)
V  [jvm.dll+0x6687ca]
V  [jvm.dll+0x7ca3c9]
V  [jvm.dll+0x7cbb53]
V  [jvm.dll+0x7cc1b3]
V  [jvm.dll+0x242ea5]
V  [jvm.dll+0x665589]
V  [jvm.dll+0x65a175]
V  [jvm.dll+0x2fc5ab]
V  [jvm.dll+0x3037a6]
V  [jvm.dll+0x352fee]
V  [jvm.dll+0x35321f]
V  [jvm.dll+0x2d3618]
V  [jvm.dll+0x2d4854]
V  [jvm.dll+0x79ccb1]
V  [jvm.dll+0x360de1]
V  [jvm.dll+0x77a990]
V  [jvm.dll+0x3e55af]
V  [jvm.dll+0x3e7081]
C  [jli.dll+0x52fb]
C  [ucrtbase.dll+0x21bb2]
C  [KERNEL32.DLL+0x17034]
C  [ntdll.dll+0x52651]


---------------  P R O C E S S  ---------------

Threads class SMR info:
_java_thread_list=0x00007ffa8678cbb8, length=0, elements={
}

Java Threads: ( => current thread )

Other Threads:
  0x0000016b27329b10 GCTaskThread "GC Thread#0" [stack: 0x000000110d200000,0x000000110d300000] [id=16972]
  0x0000016b2733a6d0 ConcurrentGCThread "G1 Main Marker" [stack: 0x000000110d300000,0x000000110d400000] [id=4032]
  0x0000016b2733b140 ConcurrentGCThread "G1 Conc#0" [stack: 0x000000110d400000,0x000000110d500000] [id=12000]

[error occurred during error reporting (printing all threads), id 0xc0000005, EXCEPTION_ACCESS_VIOLATION (0xc0000005) at pc=0x00007ffa85f644d7]

VM state: not at safepoint (not fully initialized)

VM Mutex/Monitor currently owned by a thread:  ([mutex/lock_event])
[0x0000016b272e43b0] Heap_lock - owner thread: 0x0000016b272e87f0

Heap address: 0x0000000082400000, size: 2012 MB, Compressed Oops mode: 32-bit

CDS archive(s) mapped at: [0x0000000000000000-0x0000000000000000-0x0000000000000000), size 0, SharedBaseAddress: 0x0000000800000000, ArchiveRelocationMode: 0.
Narrow klass base: 0x0000000000000000, Narrow klass shift: 0, Narrow klass range: 0x0

GC Precious Log:
<Empty>

Heap:
 garbage-first heap   total 0K, used 0K [0x0000000082400000, 0x0000000100000000)
  region size 1024K, 0 young (0K), 0 survivors (0K)

[error occurred during error reporting (printing heap information), id 0xc0000005, EXCEPTION_ACCESS_VIOLATION (0xc0000005) at pc=0x00007ffa863424ed]

GC Heap History (0 events):
No events

Deoptimization events (0 events):
No events

Classes unloaded (0 events):
No events

Classes redefined (0 events):
No events

Internal exceptions (0 events):
No events

Events (1 events):
Event: 0.064 Loaded shared library C:\Users\Пользователь\.jdks\openjdk-16.0.1\bin\java.dll


Dynamic libraries:
0x00007ff7a3c80000 - 0x00007ff7a3c8e000 	C:\Users\Пользователь\.jdks\openjdk-16.0.1\bin\java.exe
0x00007ffab33b0000 - 0x00007ffab35a5000 	C:\WINDOWS\SYSTEM32\ntdll.dll
0x00007ffab3220000 - 0x00007ffab32de000 	C:\WINDOWS\System32\KERNEL32.DLL
0x00007ffab0f50000 - 0x00007ffab1218000 	C:\WINDOWS\System32\KERNELBASE.dll
0x00007ffab0b00000 - 0x00007ffab0c00000 	C:\WINDOWS\System32\ucrtbase.dll
0x00007ffaaa100000 - 0x00007ffaaa118000 	C:\Users\Пользователь\.jdks\openjdk-16.0.1\bin\jli.dll
0x00007ffab15f0000 - 0x00007ffab1791000 	C:\WINDOWS\System32\USER32.dll
0x00007ffab0ad0000 - 0x00007ffab0af2000 	C:\WINDOWS\System32\win32u.dll
0x00007ffab2d60000 - 0x00007ffab2d8b000 	C:\WINDOWS\System32\GDI32.dll
0x00007ffab0c00000 - 0x00007ffab0d0b000 	C:\WINDOWS\System32\gdi32full.dll
0x00007ffab12b0000 - 0x00007ffab134d000 	C:\WINDOWS\System32\msvcp_win.dll
0x00007ffaaa0e0000 - 0x00007ffaaa0f9000 	C:\Users\Пользователь\.jdks\openjdk-16.0.1\bin\VCRUNTIME140.dll
0x00007ffa9df10000 - 0x00007ffa9e1aa000 	C:\WINDOWS\WinSxS\amd64_microsoft.windows.common-controls_6595b64144ccf1df_6.0.19041.1110_none_60b5254171f9507e\COMCTL32.dll
0x00007ffab2270000 - 0x00007ffab230e000 	C:\WINDOWS\System32\msvcrt.dll
0x00007ffab3340000 - 0x00007ffab3370000 	C:\WINDOWS\System32\IMM32.DLL
0x00007ffaab330000 - 0x00007ffaab33c000 	C:\Users\Пользователь\.jdks\openjdk-16.0.1\bin\vcruntime140_1.dll
0x00007ffaa9fd0000 - 0x00007ffaaa061000 	C:\Users\Пользователь\.jdks\openjdk-16.0.1\bin\msvcp140.dll
0x00007ffa85c80000 - 0x00007ffa8682b000 	C:\Users\Пользователь\.jdks\openjdk-16.0.1\bin\server\jvm.dll
0x00007ffab2c40000 - 0x00007ffab2cec000 	C:\WINDOWS\System32\ADVAPI32.dll
0x00007ffab18f0000 - 0x00007ffab198b000 	C:\WINDOWS\System32\sechost.dll
0x00007ffab25d0000 - 0x00007ffab26fa000 	C:\WINDOWS\System32\RPCRT4.dll
0x00007ffab21b0000 - 0x00007ffab21b8000 	C:\WINDOWS\System32\PSAPI.DLL
0x00007ffa98370000 - 0x00007ffa98379000 	C:\WINDOWS\SYSTEM32\WSOCK32.dll
0x00007ffab1460000 - 0x00007ffab14cb000 	C:\WINDOWS\System32\WS2_32.dll
0x00007ffa96d40000 - 0x00007ffa96d67000 	C:\WINDOWS\SYSTEM32\WINMM.dll
0x00007ffaa0830000 - 0x00007ffaa083a000 	C:\WINDOWS\SYSTEM32\VERSION.dll
0x00007ffaae9d0000 - 0x00007ffaae9e2000 	C:\WINDOWS\SYSTEM32\kernel.appcore.dll
0x00007ffaaa0d0000 - 0x00007ffaaa0da000 	C:\Users\Пользователь\.jdks\openjdk-16.0.1\bin\jimage.dll
0x00007ffaa6d90000 - 0x00007ffaa6f74000 	C:\WINDOWS\SYSTEM32\DBGHELP.DLL
0x00007ffaa6bf0000 - 0x00007ffaa6c1c000 	C:\WINDOWS\SYSTEM32\dbgcore.DLL
0x00007ffab1220000 - 0x00007ffab12a3000 	C:\WINDOWS\System32\bcryptPrimitives.dll
0x00007ffaaa0c0000 - 0x00007ffaaa0ce000 	C:\Users\Пользователь\.jdks\openjdk-16.0.1\bin\instrument.dll
0x00007ffaaa090000 - 0x00007ffaaa0b5000 	C:\Users\Пользователь\.jdks\openjdk-16.0.1\bin\java.dll

dbghelp: loaded successfully - version: 4.0.5 - missing functions: none
symbol engine: initialized successfully - sym options: 0x614 - pdb path: .;C:\Users\Пользователь\.jdks\openjdk-16.0.1\bin;C:\WINDOWS\SYSTEM32;C:\WINDOWS\WinSxS\amd64_microsoft.windows.common-controls_6595b64144ccf1df_6.0.19041.1110_none_60b5254171f9507e;C:\Users\Пользователь\.jdks\openjdk-16.0.1\bin\server

VM Arguments:
jvm_args: -javaagent:C:\Program Files\JetBrains\IntelliJ IDEA Community Edition 2020.3.1\lib\idea_rt.jar=60213:C:\Program Files\JetBrains\IntelliJ IDEA Community Edition 2020.3.1\bin -Dfile.encoding=UTF-8 
java_command: com.company.Main
java_class_path (initial): C:\Users\Пользователь\OneDrive\Документы\KPI\ОП\Лабы\Лаб_7\lab_7_java\out\production\lab_7_java
Launcher Type: SUN_STANDARD

[Global flags]
     intx CICompilerCount                          = 2                                         {product} {ergonomic}
     uint ConcGCThreads                            = 1                                         {product} {ergonomic}
     uint G1ConcRefinementThreads                  = 2                                         {product} {ergonomic}
   size_t G1HeapRegionSize                         = 1048576                                   {product} {ergonomic}
    uintx GCDrainStackTargetSize                   = 64                                        {product} {ergonomic}
   size_t InitialHeapSize                          = 132120576                                 {product} {ergonomic}
   size_t MarkStackSize                            = 4194304                                   {product} {ergonomic}
   size_t MaxHeapSize                              = 2109734912                                {product} {ergonomic}
   size_t MinHeapDeltaBytes                        = 1048576                                   {product} {ergonomic}
   size_t MinHeapSize                              = 8388608                                   {product} {ergonomic}
    uintx NonNMethodCodeHeapSize                   = 5826188                                {pd product} {ergonomic}
    uintx NonProfiledCodeHeapSize                  = 122916026                              {pd product} {ergonomic}
    uintx ProfiledCodeHeapSize                     = 122916026                              {pd product} {ergonomic}
    uintx ReservedCodeCacheSize                    = 251658240                              {pd product} {ergonomic}
     bool SegmentedCodeCache                       = true                                      {product} {ergonomic}
   size_t SoftMaxHeapSize                          = 2109734912                             {manageable} {ergonomic}
     bool UseCompressedClassPointers               = true                           {product lp64_product} {ergonomic}
     bool UseCompressedOops                        = true                           {product lp64_product} {ergonomic}
     bool UseG1GC                                  = true                                      {product} {ergonomic}
     bool UseLargePagesIndividualAllocation        = false                                  {pd product} {ergonomic}

Logging:
Log output configuration:
 #0: stdout all=warning uptime,level,tags
 #1: stderr all=off uptime,level,tags

Environment Variables:
PATH=C:\Program Files (x86)\Common Files\Oracle\Java\javapath;C:\ProgramData\Oracle\Java\javapath;C:\WINDOWS\system32;C:\WINDOWS;C:\WINDOWS\System32\Wbem;C:\WINDOWS\System32\WindowsPowerShell\v1.0\;C:\WINDOWS\System32\OpenSSH\;C:\Program Files\Git\cmd;C:\Program Files\Microsoft SQL Server\130\Tools\Binn\;C:\Program Files\dotnet\;C:\Program Files\Microsoft SQL Server\Client SDK\ODBC\170\Tools\Binn\;C:\Users\Пользователь\AppData\Local\Microsoft\WindowsApps;C:\Users\Пользователь\.dotnet\tools
USERNAME=Пользователь
LANG=RUS_INKSCAPE
OS=Windows_NT
PROCESSOR_IDENTIFIER=Intel64 Family 6 Model 42 Stepping 7, GenuineIntel



---------------  S Y S T E M  ---------------

OS:
 Windows 10 , 64 bit Build 19041 (10.0.19041.1348)
OS uptime: 5 days 1:43 hours

CPU: total 2 (initial active 2) (2 cores per cpu, 1 threads per core) family 6 model 42 stepping 7 microcode 0x2f, cx8, cmov, fxsr, mmx, sse, sse2, sse3, ssse3, sse4.1, sse4.2, popcnt, tsc, tscinvbit, clmul, clflush

Memory: 4k page, system-wide physical 8044M (482M free)
TotalPageFile size 32620M (AvailPageFile size 124M)
current process WorkingSet (physical memory assigned to process): 10M, peak: 10M
current process commit charge ("private bytes"): 47M, peak: 173M

vm_info: OpenJDK 64-Bit Server VM (16.0.1+9-24) for windows-amd64 JRE (16.0.1+9-24), built on Mar 26 2021 19:30:07 by "mach5one" with MS VC++ 16.7 (VS2019)

END.
