#
# There is insufficient memory for the Java Runtime Environment to continue.
# Native memory allocation (malloc) failed to allocate 39264 bytes for Chunk::new
# Possible reasons:
#   The system is out of physical RAM or swap space
#   The process is running with CompressedOops enabled, and the Java Heap may be blocking the growth of the native heap
# Possible solutions:
#   Reduce memory load on the system
#   Increase physical memory or swap space
#   Check if swap backing store is full
#   Decrease Java heap size (-Xmx/-Xms)
#   Decrease number of Java threads
#   Decrease Java thread stack sizes (-Xss)
#   Set larger code cache with -XX:ReservedCodeCacheSize=
#   JVM is running with Unscaled Compressed Oops mode in which the Java heap is
#     placed in the first 4GB address space. The Java Heap base address is the
#     maximum limit for the native heap growth. Please use -XX:HeapBaseMinAddress
#     to set the Java Heap base and to place the Java Heap above 4GB virtual address.
# This output file may be truncated or incomplete.
#
#  Out of Memory Error (arena.cpp:195), pid=16852, tid=5292
#
# JRE version: OpenJDK Runtime Environment (16.0.1+9) (build 16.0.1+9-24)
# Java VM: OpenJDK 64-Bit Server VM (16.0.1+9-24, mixed mode, sharing, tiered, compressed oops, compressed class ptrs, g1 gc, windows-amd64)
# No core dump will be written. Minidumps are not enabled by default on client versions of Windows
#

---------------  S U M M A R Y ------------

Command Line: -javaagent:C:\Program Files\JetBrains\IntelliJ IDEA Community Edition 2020.3.1\lib\idea_rt.jar=60123:C:\Program Files\JetBrains\IntelliJ IDEA Community Edition 2020.3.1\bin -Dfile.encoding=UTF-8 com.company.Main

Host: Intel(R) Pentium(R) CPU B960 @ 2.20GHz, 2 cores, 7G,  Windows 10 , 64 bit Build 19041 (10.0.19041.1348)
Time: Sat Dec  4 01:57:44 2021  Windows 10 , 64 bit Build 19041 (10.0.19041.1348) elapsed time: 0.523624 seconds (0d 0h 0m 0s)

---------------  T H R E A D  ---------------

Current thread (0x000002b6e5749390):  JavaThread "C2 CompilerThread0" daemon [_thread_in_native, id=5292, stack(0x000000c54ec00000,0x000000c54ed00000)]


Current CompileTask:
C2:    523  126       4       java.lang.String::hashCode (60 bytes)

Stack: [0x000000c54ec00000,0x000000c54ed00000]
Native frames: (J=compiled Java code, j=interpreted, Vv=VM code, C=native code)
V  [jvm.dll+0x6687ca]
V  [jvm.dll+0x7ca3c9]
V  [jvm.dll+0x7cbb53]
V  [jvm.dll+0x7cc1b3]
V  [jvm.dll+0x242ea5]
V  [jvm.dll+0xadeca]
V  [jvm.dll+0xae5ac]
V  [jvm.dll+0x35af27]
V  [jvm.dll+0x3253d1]
V  [jvm.dll+0x32487a]
V  [jvm.dll+0x215f3c]
V  [jvm.dll+0x215350]
V  [jvm.dll+0x1a1d9b]
V  [jvm.dll+0x2253a8]
V  [jvm.dll+0x2233ec]
V  [jvm.dll+0x780002]
V  [jvm.dll+0x779b4a]
V  [jvm.dll+0x667666]
C  [ucrtbase.dll+0x21bb2]
C  [KERNEL32.DLL+0x17034]
C  [ntdll.dll+0x52651]


---------------  P R O C E S S  ---------------

Threads class SMR info:
_java_thread_list=0x000002b6e57fa0b0, length=11, elements={
0x000002b6c65987f0, 0x000002b6e572fdb0, 0x000002b6e5730c70, 0x000002b6e57444a0,
0x000002b6e57450a0, 0x000002b6e5747bb0, 0x000002b6e57485b0, 0x000002b6e5749390,
0x000002b6e57b0900, 0x000002b6e57b9b50, 0x000002b6c666bd70
}

Java Threads: ( => current thread )
  0x000002b6c65987f0 JavaThread "main" [_thread_in_Java, id=8304, stack(0x000000c54de00000,0x000000c54df00000)]
  0x000002b6e572fdb0 JavaThread "Reference Handler" daemon [_thread_blocked, id=9248, stack(0x000000c54e600000,0x000000c54e700000)]
  0x000002b6e5730c70 JavaThread "Finalizer" daemon [_thread_blocked, id=17048, stack(0x000000c54e700000,0x000000c54e800000)]
  0x000002b6e57444a0 JavaThread "Signal Dispatcher" daemon [_thread_blocked, id=7196, stack(0x000000c54e800000,0x000000c54e900000)]
  0x000002b6e57450a0 JavaThread "Attach Listener" daemon [_thread_blocked, id=1288, stack(0x000000c54e900000,0x000000c54ea00000)]
  0x000002b6e5747bb0 JavaThread "Service Thread" daemon [_thread_blocked, id=16100, stack(0x000000c54ea00000,0x000000c54eb00000)]
  0x000002b6e57485b0 JavaThread "Monitor Deflation Thread" daemon [_thread_blocked, id=17388, stack(0x000000c54eb00000,0x000000c54ec00000)]
=>0x000002b6e5749390 JavaThread "C2 CompilerThread0" daemon [_thread_in_native, id=5292, stack(0x000000c54ec00000,0x000000c54ed00000)]
  0x000002b6e57b0900 JavaThread "C1 CompilerThread0" daemon [_thread_blocked, id=15172, stack(0x000000c54ed00000,0x000000c54ee00000)]
  0x000002b6e57b9b50 JavaThread "Sweeper thread" daemon [_thread_blocked, id=1384, stack(0x000000c54ee00000,0x000000c54ef00000)]
  0x000002b6c666bd70 JavaThread "Common-Cleaner" daemon [_thread_blocked, id=7556, stack(0x000000c54ef00000,0x000000c54f000000)]

Other Threads:
  0x000002b6e5726f90 VMThread "VM Thread" [stack: 0x000000c54e500000,0x000000c54e600000] [id=10188]
  0x000002b6c65d9b10 GCTaskThread "GC Thread#0" [stack: 0x000000c54e000000,0x000000c54e100000] [id=16728]
  0x000002b6c65ea6d0 ConcurrentGCThread "G1 Main Marker" [stack: 0x000000c54e100000,0x000000c54e200000] [id=16736]
  0x000002b6c65eb140 ConcurrentGCThread "G1 Conc#0" [stack: 0x000000c54e200000,0x000000c54e300000] [id=3712]
  0x000002b6c6656c90 ConcurrentGCThread "G1 Refine#0" [stack: 0x000000c54e300000,0x000000c54e400000] [id=17996]
  0x000002b6c6657710 ConcurrentGCThread "G1 Service" [stack: 0x000000c54e400000,0x000000c54e500000] [id=9904]

Threads with active compile tasks:
C2 CompilerThread0      550  126       4       java.lang.String::hashCode (60 bytes)

VM state: not at safepoint (normal execution)

VM Mutex/Monitor currently owned by a thread: None

Heap address: 0x0000000082400000, size: 2012 MB, Compressed Oops mode: 32-bit

CDS archive(s) mapped at: [0x0000000800000000-0x0000000800bb0000-0x0000000800bb0000), size 12255232, SharedBaseAddress: 0x0000000800000000, ArchiveRelocationMode: 0.
Compressed class space mapped at: 0x0000000800c00000-0x0000000840c00000, reserved size: 1073741824
Narrow klass base: 0x0000000800000000, Narrow klass shift: 3, Narrow klass range: 0x100000000

GC Precious Log:
 CPUs: 2 total, 2 available
 Memory: 8044M
 Large Page Support: Disabled
 NUMA Support: Disabled
 Compressed Oops: Enabled (32-bit)
 Heap Region Size: 1M
 Heap Min Capacity: 8M
 Heap Initial Capacity: 126M
 Heap Max Capacity: 2012M
 Pre-touch: Disabled
 Parallel Workers: 2
 Concurrent Workers: 1
 Concurrent Refinement Workers: 2
 Periodic GC: Disabled

Heap:
 garbage-first heap   total 129024K, used 1024K [0x0000000082400000, 0x0000000100000000)
  region size 1024K, 2 young (2048K), 0 survivors (0K)
 Metaspace       used 260K, committed 448K, reserved 1056768K
  class space    used 5K, committed 128K, reserved 1048576K

Heap Regions: E=young(eden), S=young(survivor), O=old, HS=humongous(starts), HC=humongous(continues), CS=collection set, F=free, OA=open archive, CA=closed archive, TAMS=top-at-mark-start (previous, next)
|   0|0x0000000082400000, 0x0000000082400000, 0x0000000082500000|  0%| F|  |TAMS 0x0000000082400000, 0x0000000082400000| Untracked 
|   1|0x0000000082500000, 0x0000000082500000, 0x0000000082600000|  0%| F|  |TAMS 0x0000000082500000, 0x0000000082500000| Untracked 
|   2|0x0000000082600000, 0x0000000082600000, 0x0000000082700000|  0%| F|  |TAMS 0x0000000082600000, 0x0000000082600000| Untracked 
|   3|0x0000000082700000, 0x0000000082700000, 0x0000000082800000|  0%| F|  |TAMS 0x0000000082700000, 0x0000000082700000| Untracked 
|   4|0x0000000082800000, 0x0000000082800000, 0x0000000082900000|  0%| F|  |TAMS 0x0000000082800000, 0x0000000082800000| Untracked 
|   5|0x0000000082900000, 0x0000000082900000, 0x0000000082a00000|  0%| F|  |TAMS 0x0000000082900000, 0x0000000082900000| Untracked 
|   6|0x0000000082a00000, 0x0000000082a00000, 0x0000000082b00000|  0%| F|  |TAMS 0x0000000082a00000, 0x0000000082a00000| Untracked 
|   7|0x0000000082b00000, 0x0000000082b00000, 0x0000000082c00000|  0%| F|  |TAMS 0x0000000082b00000, 0x0000000082b00000| Untracked 
|   8|0x0000000082c00000, 0x0000000082c00000, 0x0000000082d00000|  0%| F|  |TAMS 0x0000000082c00000, 0x0000000082c00000| Untracked 
|   9|0x0000000082d00000, 0x0000000082d00000, 0x0000000082e00000|  0%| F|  |TAMS 0x0000000082d00000, 0x0000000082d00000| Untracked 
|  10|0x0000000082e00000, 0x0000000082e00000, 0x0000000082f00000|  0%| F|  |TAMS 0x0000000082e00000, 0x0000000082e00000| Untracked 
|  11|0x0000000082f00000, 0x0000000082f00000, 0x0000000083000000|  0%| F|  |TAMS 0x0000000082f00000, 0x0000000082f00000| Untracked 
|  12|0x0000000083000000, 0x0000000083000000, 0x0000000083100000|  0%| F|  |TAMS 0x0000000083000000, 0x0000000083000000| Untracked 
|  13|0x0000000083100000, 0x0000000083100000, 0x0000000083200000|  0%| F|  |TAMS 0x0000000083100000, 0x0000000083100000| Untracked 
|  14|0x0000000083200000, 0x0000000083200000, 0x0000000083300000|  0%| F|  |TAMS 0x0000000083200000, 0x0000000083200000| Untracked 
|  15|0x0000000083300000, 0x0000000083300000, 0x0000000083400000|  0%| F|  |TAMS 0x0000000083300000, 0x0000000083300000| Untracked 
|  16|0x0000000083400000, 0x0000000083400000, 0x0000000083500000|  0%| F|  |TAMS 0x0000000083400000, 0x0000000083400000| Untracked 
|  17|0x0000000083500000, 0x0000000083500000, 0x0000000083600000|  0%| F|  |TAMS 0x0000000083500000, 0x0000000083500000| Untracked 
|  18|0x0000000083600000, 0x0000000083600000, 0x0000000083700000|  0%| F|  |TAMS 0x0000000083600000, 0x0000000083600000| Untracked 
|  19|0x0000000083700000, 0x0000000083700000, 0x0000000083800000|  0%| F|  |TAMS 0x0000000083700000, 0x0000000083700000| Untracked 
|  20|0x0000000083800000, 0x0000000083800000, 0x0000000083900000|  0%| F|  |TAMS 0x0000000083800000, 0x0000000083800000| Untracked 
|  21|0x0000000083900000, 0x0000000083900000, 0x0000000083a00000|  0%| F|  |TAMS 0x0000000083900000, 0x0000000083900000| Untracked 
|  22|0x0000000083a00000, 0x0000000083a00000, 0x0000000083b00000|  0%| F|  |TAMS 0x0000000083a00000, 0x0000000083a00000| Untracked 
|  23|0x0000000083b00000, 0x0000000083b00000, 0x0000000083c00000|  0%| F|  |TAMS 0x0000000083b00000, 0x0000000083b00000| Untracked 
|  24|0x0000000083c00000, 0x0000000083c00000, 0x0000000083d00000|  0%| F|  |TAMS 0x0000000083c00000, 0x0000000083c00000| Untracked 
|  25|0x0000000083d00000, 0x0000000083d00000, 0x0000000083e00000|  0%| F|  |TAMS 0x0000000083d00000, 0x0000000083d00000| Untracked 
|  26|0x0000000083e00000, 0x0000000083e00000, 0x0000000083f00000|  0%| F|  |TAMS 0x0000000083e00000, 0x0000000083e00000| Untracked 
|  27|0x0000000083f00000, 0x0000000083f00000, 0x0000000084000000|  0%| F|  |TAMS 0x0000000083f00000, 0x0000000083f00000| Untracked 
|  28|0x0000000084000000, 0x0000000084000000, 0x0000000084100000|  0%| F|  |TAMS 0x0000000084000000, 0x0000000084000000| Untracked 
|  29|0x0000000084100000, 0x0000000084100000, 0x0000000084200000|  0%| F|  |TAMS 0x0000000084100000, 0x0000000084100000| Untracked 
|  30|0x0000000084200000, 0x0000000084200000, 0x0000000084300000|  0%| F|  |TAMS 0x0000000084200000, 0x0000000084200000| Untracked 
|  31|0x0000000084300000, 0x0000000084300000, 0x0000000084400000|  0%| F|  |TAMS 0x0000000084300000, 0x0000000084300000| Untracked 
|  32|0x0000000084400000, 0x0000000084400000, 0x0000000084500000|  0%| F|  |TAMS 0x0000000084400000, 0x0000000084400000| Untracked 
|  33|0x0000000084500000, 0x0000000084500000, 0x0000000084600000|  0%| F|  |TAMS 0x0000000084500000, 0x0000000084500000| Untracked 
|  34|0x0000000084600000, 0x0000000084600000, 0x0000000084700000|  0%| F|  |TAMS 0x0000000084600000, 0x0000000084600000| Untracked 
|  35|0x0000000084700000, 0x0000000084700000, 0x0000000084800000|  0%| F|  |TAMS 0x0000000084700000, 0x0000000084700000| Untracked 
|  36|0x0000000084800000, 0x0000000084800000, 0x0000000084900000|  0%| F|  |TAMS 0x0000000084800000, 0x0000000084800000| Untracked 
|  37|0x0000000084900000, 0x0000000084900000, 0x0000000084a00000|  0%| F|  |TAMS 0x0000000084900000, 0x0000000084900000| Untracked 
|  38|0x0000000084a00000, 0x0000000084a00000, 0x0000000084b00000|  0%| F|  |TAMS 0x0000000084a00000, 0x0000000084a00000| Untracked 
|  39|0x0000000084b00000, 0x0000000084b00000, 0x0000000084c00000|  0%| F|  |TAMS 0x0000000084b00000, 0x0000000084b00000| Untracked 
|  40|0x0000000084c00000, 0x0000000084c00000, 0x0000000084d00000|  0%| F|  |TAMS 0x0000000084c00000, 0x0000000084c00000| Untracked 
|  41|0x0000000084d00000, 0x0000000084d00000, 0x0000000084e00000|  0%| F|  |TAMS 0x0000000084d00000, 0x0000000084d00000| Untracked 
|  42|0x0000000084e00000, 0x0000000084e00000, 0x0000000084f00000|  0%| F|  |TAMS 0x0000000084e00000, 0x0000000084e00000| Untracked 
|  43|0x0000000084f00000, 0x0000000084f00000, 0x0000000085000000|  0%| F|  |TAMS 0x0000000084f00000, 0x0000000084f00000| Untracked 
|  44|0x0000000085000000, 0x0000000085000000, 0x0000000085100000|  0%| F|  |TAMS 0x0000000085000000, 0x0000000085000000| Untracked 
|  45|0x0000000085100000, 0x0000000085100000, 0x0000000085200000|  0%| F|  |TAMS 0x0000000085100000, 0x0000000085100000| Untracked 
|  46|0x0000000085200000, 0x0000000085200000, 0x0000000085300000|  0%| F|  |TAMS 0x0000000085200000, 0x0000000085200000| Untracked 
|  47|0x0000000085300000, 0x0000000085300000, 0x0000000085400000|  0%| F|  |TAMS 0x0000000085300000, 0x0000000085300000| Untracked 
|  48|0x0000000085400000, 0x0000000085400000, 0x0000000085500000|  0%| F|  |TAMS 0x0000000085400000, 0x0000000085400000| Untracked 
|  49|0x0000000085500000, 0x0000000085500000, 0x0000000085600000|  0%| F|  |TAMS 0x0000000085500000, 0x0000000085500000| Untracked 
|  50|0x0000000085600000, 0x0000000085600000, 0x0000000085700000|  0%| F|  |TAMS 0x0000000085600000, 0x0000000085600000| Untracked 
|  51|0x0000000085700000, 0x0000000085700000, 0x0000000085800000|  0%| F|  |TAMS 0x0000000085700000, 0x0000000085700000| Untracked 
|  52|0x0000000085800000, 0x0000000085800000, 0x0000000085900000|  0%| F|  |TAMS 0x0000000085800000, 0x0000000085800000| Untracked 
|  53|0x0000000085900000, 0x0000000085900000, 0x0000000085a00000|  0%| F|  |TAMS 0x0000000085900000, 0x0000000085900000| Untracked 
|  54|0x0000000085a00000, 0x0000000085a00000, 0x0000000085b00000|  0%| F|  |TAMS 0x0000000085a00000, 0x0000000085a00000| Untracked 
|  55|0x0000000085b00000, 0x0000000085b00000, 0x0000000085c00000|  0%| F|  |TAMS 0x0000000085b00000, 0x0000000085b00000| Untracked 
|  56|0x0000000085c00000, 0x0000000085c00000, 0x0000000085d00000|  0%| F|  |TAMS 0x0000000085c00000, 0x0000000085c00000| Untracked 
|  57|0x0000000085d00000, 0x0000000085d00000, 0x0000000085e00000|  0%| F|  |TAMS 0x0000000085d00000, 0x0000000085d00000| Untracked 
|  58|0x0000000085e00000, 0x0000000085e00000, 0x0000000085f00000|  0%| F|  |TAMS 0x0000000085e00000, 0x0000000085e00000| Untracked 
|  59|0x0000000085f00000, 0x0000000085f00000, 0x0000000086000000|  0%| F|  |TAMS 0x0000000085f00000, 0x0000000085f00000| Untracked 
|  60|0x0000000086000000, 0x0000000086000000, 0x0000000086100000|  0%| F|  |TAMS 0x0000000086000000, 0x0000000086000000| Untracked 
|  61|0x0000000086100000, 0x0000000086100000, 0x0000000086200000|  0%| F|  |TAMS 0x0000000086100000, 0x0000000086100000| Untracked 
|  62|0x0000000086200000, 0x0000000086200000, 0x0000000086300000|  0%| F|  |TAMS 0x0000000086200000, 0x0000000086200000| Untracked 
|  63|0x0000000086300000, 0x0000000086300000, 0x0000000086400000|  0%| F|  |TAMS 0x0000000086300000, 0x0000000086300000| Untracked 
|  64|0x0000000086400000, 0x0000000086400000, 0x0000000086500000|  0%| F|  |TAMS 0x0000000086400000, 0x0000000086400000| Untracked 
|  65|0x0000000086500000, 0x0000000086500000, 0x0000000086600000|  0%| F|  |TAMS 0x0000000086500000, 0x0000000086500000| Untracked 
|  66|0x0000000086600000, 0x0000000086600000, 0x0000000086700000|  0%| F|  |TAMS 0x0000000086600000, 0x0000000086600000| Untracked 
|  67|0x0000000086700000, 0x0000000086700000, 0x0000000086800000|  0%| F|  |TAMS 0x0000000086700000, 0x0000000086700000| Untracked 
|  68|0x0000000086800000, 0x0000000086800000, 0x0000000086900000|  0%| F|  |TAMS 0x0000000086800000, 0x0000000086800000| Untracked 
|  69|0x0000000086900000, 0x0000000086900000, 0x0000000086a00000|  0%| F|  |TAMS 0x0000000086900000, 0x0000000086900000| Untracked 
|  70|0x0000000086a00000, 0x0000000086a00000, 0x0000000086b00000|  0%| F|  |TAMS 0x0000000086a00000, 0x0000000086a00000| Untracked 
|  71|0x0000000086b00000, 0x0000000086b00000, 0x0000000086c00000|  0%| F|  |TAMS 0x0000000086b00000, 0x0000000086b00000| Untracked 
|  72|0x0000000086c00000, 0x0000000086c00000, 0x0000000086d00000|  0%| F|  |TAMS 0x0000000086c00000, 0x0000000086c00000| Untracked 
|  73|0x0000000086d00000, 0x0000000086d00000, 0x0000000086e00000|  0%| F|  |TAMS 0x0000000086d00000, 0x0000000086d00000| Untracked 
|  74|0x0000000086e00000, 0x0000000086e00000, 0x0000000086f00000|  0%| F|  |TAMS 0x0000000086e00000, 0x0000000086e00000| Untracked 
|  75|0x0000000086f00000, 0x0000000086f00000, 0x0000000087000000|  0%| F|  |TAMS 0x0000000086f00000, 0x0000000086f00000| Untracked 
|  76|0x0000000087000000, 0x0000000087000000, 0x0000000087100000|  0%| F|  |TAMS 0x0000000087000000, 0x0000000087000000| Untracked 
|  77|0x0000000087100000, 0x0000000087100000, 0x0000000087200000|  0%| F|  |TAMS 0x0000000087100000, 0x0000000087100000| Untracked 
|  78|0x0000000087200000, 0x0000000087200000, 0x0000000087300000|  0%| F|  |TAMS 0x0000000087200000, 0x0000000087200000| Untracked 
|  79|0x0000000087300000, 0x0000000087300000, 0x0000000087400000|  0%| F|  |TAMS 0x0000000087300000, 0x0000000087300000| Untracked 
|  80|0x0000000087400000, 0x0000000087400000, 0x0000000087500000|  0%| F|  |TAMS 0x0000000087400000, 0x0000000087400000| Untracked 
|  81|0x0000000087500000, 0x0000000087500000, 0x0000000087600000|  0%| F|  |TAMS 0x0000000087500000, 0x0000000087500000| Untracked 
|  82|0x0000000087600000, 0x0000000087600000, 0x0000000087700000|  0%| F|  |TAMS 0x0000000087600000, 0x0000000087600000| Untracked 
|  83|0x0000000087700000, 0x0000000087700000, 0x0000000087800000|  0%| F|  |TAMS 0x0000000087700000, 0x0000000087700000| Untracked 
|  84|0x0000000087800000, 0x0000000087800000, 0x0000000087900000|  0%| F|  |TAMS 0x0000000087800000, 0x0000000087800000| Untracked 
|  85|0x0000000087900000, 0x0000000087900000, 0x0000000087a00000|  0%| F|  |TAMS 0x0000000087900000, 0x0000000087900000| Untracked 
|  86|0x0000000087a00000, 0x0000000087a00000, 0x0000000087b00000|  0%| F|  |TAMS 0x0000000087a00000, 0x0000000087a00000| Untracked 
|  87|0x0000000087b00000, 0x0000000087b00000, 0x0000000087c00000|  0%| F|  |TAMS 0x0000000087b00000, 0x0000000087b00000| Untracked 
|  88|0x0000000087c00000, 0x0000000087c00000, 0x0000000087d00000|  0%| F|  |TAMS 0x0000000087c00000, 0x0000000087c00000| Untracked 
|  89|0x0000000087d00000, 0x0000000087d00000, 0x0000000087e00000|  0%| F|  |TAMS 0x0000000087d00000, 0x0000000087d00000| Untracked 
|  90|0x0000000087e00000, 0x0000000087e00000, 0x0000000087f00000|  0%| F|  |TAMS 0x0000000087e00000, 0x0000000087e00000| Untracked 
|  91|0x0000000087f00000, 0x0000000087f00000, 0x0000000088000000|  0%| F|  |TAMS 0x0000000087f00000, 0x0000000087f00000| Untracked 
|  92|0x0000000088000000, 0x0000000088000000, 0x0000000088100000|  0%| F|  |TAMS 0x0000000088000000, 0x0000000088000000| Untracked 
|  93|0x0000000088100000, 0x0000000088100000, 0x0000000088200000|  0%| F|  |TAMS 0x0000000088100000, 0x0000000088100000| Untracked 
|  94|0x0000000088200000, 0x0000000088200000, 0x0000000088300000|  0%| F|  |TAMS 0x0000000088200000, 0x0000000088200000| Untracked 
|  95|0x0000000088300000, 0x0000000088300000, 0x0000000088400000|  0%| F|  |TAMS 0x0000000088300000, 0x0000000088300000| Untracked 
|  96|0x0000000088400000, 0x0000000088400000, 0x0000000088500000|  0%| F|  |TAMS 0x0000000088400000, 0x0000000088400000| Untracked 
|  97|0x0000000088500000, 0x0000000088500000, 0x0000000088600000|  0%| F|  |TAMS 0x0000000088500000, 0x0000000088500000| Untracked 
|  98|0x0000000088600000, 0x0000000088600000, 0x0000000088700000|  0%| F|  |TAMS 0x0000000088600000, 0x0000000088600000| Untracked 
|  99|0x0000000088700000, 0x0000000088700000, 0x0000000088800000|  0%| F|  |TAMS 0x0000000088700000, 0x0000000088700000| Untracked 
| 100|0x0000000088800000, 0x0000000088800000, 0x0000000088900000|  0%| F|  |TAMS 0x0000000088800000, 0x0000000088800000| Untracked 
| 101|0x0000000088900000, 0x0000000088900000, 0x0000000088a00000|  0%| F|  |TAMS 0x0000000088900000, 0x0000000088900000| Untracked 
| 102|0x0000000088a00000, 0x0000000088a00000, 0x0000000088b00000|  0%| F|  |TAMS 0x0000000088a00000, 0x0000000088a00000| Untracked 
| 103|0x0000000088b00000, 0x0000000088b00000, 0x0000000088c00000|  0%| F|  |TAMS 0x0000000088b00000, 0x0000000088b00000| Untracked 
| 104|0x0000000088c00000, 0x0000000088c00000, 0x0000000088d00000|  0%| F|  |TAMS 0x0000000088c00000, 0x0000000088c00000| Untracked 
| 105|0x0000000088d00000, 0x0000000088d00000, 0x0000000088e00000|  0%| F|  |TAMS 0x0000000088d00000, 0x0000000088d00000| Untracked 
| 106|0x0000000088e00000, 0x0000000088e00000, 0x0000000088f00000|  0%| F|  |TAMS 0x0000000088e00000, 0x0000000088e00000| Untracked 
| 107|0x0000000088f00000, 0x0000000088f00000, 0x0000000089000000|  0%| F|  |TAMS 0x0000000088f00000, 0x0000000088f00000| Untracked 
| 108|0x0000000089000000, 0x0000000089000000, 0x0000000089100000|  0%| F|  |TAMS 0x0000000089000000, 0x0000000089000000| Untracked 
| 109|0x0000000089100000, 0x0000000089100000, 0x0000000089200000|  0%| F|  |TAMS 0x0000000089100000, 0x0000000089100000| Untracked 
| 110|0x0000000089200000, 0x0000000089200000, 0x0000000089300000|  0%| F|  |TAMS 0x0000000089200000, 0x0000000089200000| Untracked 
| 111|0x0000000089300000, 0x0000000089300000, 0x0000000089400000|  0%| F|  |TAMS 0x0000000089300000, 0x0000000089300000| Untracked 
| 112|0x0000000089400000, 0x0000000089400000, 0x0000000089500000|  0%| F|  |TAMS 0x0000000089400000, 0x0000000089400000| Untracked 
| 113|0x0000000089500000, 0x0000000089500000, 0x0000000089600000|  0%| F|  |TAMS 0x0000000089500000, 0x0000000089500000| Untracked 
| 114|0x0000000089600000, 0x0000000089600000, 0x0000000089700000|  0%| F|  |TAMS 0x0000000089600000, 0x0000000089600000| Untracked 
| 115|0x0000000089700000, 0x0000000089700000, 0x0000000089800000|  0%| F|  |TAMS 0x0000000089700000, 0x0000000089700000| Untracked 
| 116|0x0000000089800000, 0x0000000089800000, 0x0000000089900000|  0%| F|  |TAMS 0x0000000089800000, 0x0000000089800000| Untracked 
| 117|0x0000000089900000, 0x0000000089900000, 0x0000000089a00000|  0%| F|  |TAMS 0x0000000089900000, 0x0000000089900000| Untracked 
| 118|0x0000000089a00000, 0x0000000089a00000, 0x0000000089b00000|  0%| F|  |TAMS 0x0000000089a00000, 0x0000000089a00000| Untracked 
| 119|0x0000000089b00000, 0x0000000089b00000, 0x0000000089c00000|  0%| F|  |TAMS 0x0000000089b00000, 0x0000000089b00000| Untracked 
| 120|0x0000000089c00000, 0x0000000089c00000, 0x0000000089d00000|  0%| F|  |TAMS 0x0000000089c00000, 0x0000000089c00000| Untracked 
| 121|0x0000000089d00000, 0x0000000089d00000, 0x0000000089e00000|  0%| F|  |TAMS 0x0000000089d00000, 0x0000000089d00000| Untracked 
| 122|0x0000000089e00000, 0x0000000089e00000, 0x0000000089f00000|  0%| F|  |TAMS 0x0000000089e00000, 0x0000000089e00000| Untracked 
| 123|0x0000000089f00000, 0x0000000089f00000, 0x000000008a000000|  0%| F|  |TAMS 0x0000000089f00000, 0x0000000089f00000| Untracked 
| 124|0x000000008a000000, 0x000000008a01f3b0, 0x000000008a100000| 12%| E|  |TAMS 0x000000008a000000, 0x000000008a000000| Complete 
| 125|0x000000008a100000, 0x000000008a200000, 0x000000008a200000|100%| E|CS|TAMS 0x000000008a100000, 0x000000008a100000| Complete 

Card table byte_map: [0x000002b6decd0000,0x000002b6df0c0000] _byte_map_base: 0x000002b6de8be000

Marking Bits (Prev, Next): (CMBitMap*) 0x000002b6c65da180, (CMBitMap*) 0x000002b6c65da1c0
 Prev Bits: [0x000002b6df4b0000, 0x000002b6e1420000)
 Next Bits: [0x000002b6e1420000, 0x000002b6e3390000)

Polling page: 0x000002b6c6370000

Metaspace:

Usage:
  Non-class:    254.91 KB used.
      Class:      5.10 KB used.
       Both:    260.02 KB used.

Virtual space:
  Non-class space:        8.00 MB reserved,     320.00 KB (  4%) committed,  1 nodes.
      Class space:        1.00 GB reserved,     128.00 KB ( <1%) committed,  1 nodes.
              Both:        1.01 GB reserved,     448.00 KB ( <1%) committed. 

Chunk freelists:
   Non-Class:  4.00 MB
       Class:  3.75 MB
        Both:  7.75 MB

MaxMetaspaceSize: 17179869184.00 GB
CompressedClassSpaceSize: 1.00 GB
 - commit_granule_bytes: 65536.
 - commit_granule_words: 8192.
 - virtual_space_node_default_size: 1048576.
 - enlarge_chunks_in_place: 1.
 - new_chunks_are_fully_committed: 0.
 - uncommit_free_chunks: 1.
 - use_allocation_guard: 0.
 - handle_deallocations: 1.


Internal statistics:

num_allocs_failed_limit: 0.
num_arena_births: 4.
num_arena_deaths: 0.
num_vsnodes_births: 2.
num_vsnodes_deaths: 0.
num_space_committed: 7.
num_space_uncommitted: 0.
num_chunks_returned_to_freelist: 0.
num_chunks_taken_from_freelist: 5.
num_chunk_merges: 0.
num_chunk_splits: 2.
num_chunks_enlarged: 1.
num_purges: 0.

CodeHeap 'non-profiled nmethods': size=120064Kb used=33Kb max_used=33Kb free=120030Kb
 bounds [0x000002b6d6fa0000, 0x000002b6d7210000, 0x000002b6de4e0000]
CodeHeap 'profiled nmethods': size=120000Kb used=154Kb max_used=154Kb free=119845Kb
 bounds [0x000002b6cfa70000, 0x000002b6cfce0000, 0x000002b6d6fa0000]
CodeHeap 'non-nmethods': size=5696Kb used=1084Kb max_used=1097Kb free=4611Kb
 bounds [0x000002b6cf4e0000, 0x000002b6cf750000, 0x000002b6cfa70000]
 total_blobs=476 nmethods=126 adapters=264
 compilation: enabled
              stopped_count=0, restarted_count=0
 full_count=0

Compilation events (20 events):
Event: 0.512 Thread 0x000002b6e57b0900 nmethod 117 0x000002b6cfa93210 code [0x000002b6cfa933c0, 0x000002b6cfa935e8]
Event: 0.512 Thread 0x000002b6e57b0900  118       3       java.util.ImmutableCollections$SetN::isEmpty (13 bytes)
Event: 0.513 Thread 0x000002b6e57b0900 nmethod 118 0x000002b6cfa93690 code [0x000002b6cfa93820, 0x000002b6cfa93998]
Event: 0.513 Thread 0x000002b6e57b0900  119       1       java.lang.module.ModuleDescriptor$Exports::targets (5 bytes)
Event: 0.513 Thread 0x000002b6e57b0900 nmethod 119 0x000002b6d6fa7c90 code [0x000002b6d6fa7e20, 0x000002b6d6fa7ef8]
Event: 0.513 Thread 0x000002b6e57b0900  120       1       java.lang.module.ModuleDescriptor$Exports::source (5 bytes)
Event: 0.513 Thread 0x000002b6e57b0900 nmethod 120 0x000002b6d6fa7f90 code [0x000002b6d6fa8120, 0x000002b6d6fa81f8]
Event: 0.513 Thread 0x000002b6e57b0900  121       3       java.util.HashMap::putIfAbsent (13 bytes)
Event: 0.514 Thread 0x000002b6e57b0900 nmethod 121 0x000002b6cfa93a10 code [0x000002b6cfa93be0, 0x000002b6cfa93ef8]
Event: 0.514 Thread 0x000002b6e57b0900  122       3       java.util.ImmutableCollections$Set12::contains (28 bytes)
Event: 0.514 Thread 0x000002b6e5749390  123       4       java.util.HashMap::afterNodeInsertion (1 bytes)
Event: 0.514 Thread 0x000002b6e57b0900 nmethod 122 0x000002b6cfa94010 code [0x000002b6cfa941e0, 0x000002b6cfa94538]
Event: 0.514 Thread 0x000002b6e5749390 nmethod 123 0x000002b6d6fa8290 code [0x000002b6d6fa8400, 0x000002b6d6fa8478]
Event: 0.515 Thread 0x000002b6e57b0900  124       3       java.util.AbstractMap::<init> (5 bytes)
Event: 0.515 Thread 0x000002b6e57b0900 nmethod 124 0x000002b6cfa94610 code [0x000002b6cfa947c0, 0x000002b6cfa94918]
Event: 0.515 Thread 0x000002b6e57b0900  125       3       java.util.HashMap::resize (356 bytes)
Event: 0.516 Thread 0x000002b6e57b0900 nmethod 125 0x000002b6cfa94a10 code [0x000002b6cfa94cc0, 0x000002b6cfa961e8]
Event: 0.518 Thread 0x000002b6e5749390  126       4       java.lang.String::hashCode (60 bytes)
Event: 0.521 Thread 0x000002b6e57b0900  127       3       java.lang.String::<init> (15 bytes)
Event: 0.521 Thread 0x000002b6e57b0900 nmethod 127 0x000002b6cfa96690 code [0x000002b6cfa96840, 0x000002b6cfa969f8]

GC Heap History (0 events):
No events

Deoptimization events (0 events):
No events

Classes unloaded (0 events):
No events

Classes redefined (0 events):
No events

Internal exceptions (0 events):
No events

Events (18 events):
Event: 0.027 Loaded shared library C:\Users\Пользователь\.jdks\openjdk-16.0.1\bin\java.dll
Event: 0.045 Thread 0x000002b6c65987f0 Thread added: 0x000002b6c65987f0
Event: 0.246 Thread 0x000002b6e572fdb0 Thread added: 0x000002b6e572fdb0
Event: 0.247 Thread 0x000002b6e5730c70 Thread added: 0x000002b6e5730c70
Event: 0.289 loading class sun/nio/cs/MS1251
Event: 0.289 loading class sun/nio/cs/MS1251 done
Event: 0.299 loading class sun/nio/cs/UTF_8$Encoder
Event: 0.299 loading class sun/nio/cs/UTF_8$Encoder done
Event: 0.303 Thread 0x000002b6e57444a0 Thread added: 0x000002b6e57444a0
Event: 0.303 Thread 0x000002b6e57450a0 Thread added: 0x000002b6e57450a0
Event: 0.303 Thread 0x000002b6e5747bb0 Thread added: 0x000002b6e5747bb0
Event: 0.303 Thread 0x000002b6e57485b0 Thread added: 0x000002b6e57485b0
Event: 0.304 Thread 0x000002b6e5749390 Thread added: 0x000002b6e5749390
Event: 0.319 Thread 0x000002b6e57b0900 Thread added: 0x000002b6e57b0900
Event: 0.326 Thread 0x000002b6e57b9b50 Thread added: 0x000002b6e57b9b50
Event: 0.442 Thread 0x000002b6c666bd70 Thread added: 0x000002b6c666bd70
Event: 0.502 Executing  VM operation: HandshakeAllThreads
Event: 0.502 Executing  VM operation: HandshakeAllThreads done


Dynamic libraries:
0x00007ff7a3c80000 - 0x00007ff7a3c8e000 	C:\Users\Пользователь\.jdks\openjdk-16.0.1\bin\java.exe
0x00007ffab33b0000 - 0x00007ffab35a5000 	C:\WINDOWS\SYSTEM32\ntdll.dll
0x00007ffab3220000 - 0x00007ffab32de000 	C:\WINDOWS\System32\KERNEL32.DLL
0x00007ffab0f50000 - 0x00007ffab1218000 	C:\WINDOWS\System32\KERNELBASE.dll
0x00007ffab0b00000 - 0x00007ffab0c00000 	C:\WINDOWS\System32\ucrtbase.dll
0x00007ffaaa140000 - 0x00007ffaaa158000 	C:\Users\Пользователь\.jdks\openjdk-16.0.1\bin\jli.dll
0x00007ffab15f0000 - 0x00007ffab1791000 	C:\WINDOWS\System32\USER32.dll
0x00007ffab0ad0000 - 0x00007ffab0af2000 	C:\WINDOWS\System32\win32u.dll
0x00007ffab2d60000 - 0x00007ffab2d8b000 	C:\WINDOWS\System32\GDI32.dll
0x00007ffab0c00000 - 0x00007ffab0d0b000 	C:\WINDOWS\System32\gdi32full.dll
0x00007ffab12b0000 - 0x00007ffab134d000 	C:\WINDOWS\System32\msvcp_win.dll
0x00007ffaaa120000 - 0x00007ffaaa139000 	C:\Users\Пользователь\.jdks\openjdk-16.0.1\bin\VCRUNTIME140.dll
0x00007ffa9df10000 - 0x00007ffa9e1aa000 	C:\WINDOWS\WinSxS\amd64_microsoft.windows.common-controls_6595b64144ccf1df_6.0.19041.1110_none_60b5254171f9507e\COMCTL32.dll
0x00007ffab2270000 - 0x00007ffab230e000 	C:\WINDOWS\System32\msvcrt.dll
0x00007ffab3340000 - 0x00007ffab3370000 	C:\WINDOWS\System32\IMM32.DLL
0x00007ffaab330000 - 0x00007ffaab33c000 	C:\Users\Пользователь\.jdks\openjdk-16.0.1\bin\vcruntime140_1.dll
0x00007ffaaa080000 - 0x00007ffaaa111000 	C:\Users\Пользователь\.jdks\openjdk-16.0.1\bin\msvcp140.dll
0x00007ffa85c80000 - 0x00007ffa8682b000 	C:\Users\Пользователь\.jdks\openjdk-16.0.1\bin\server\jvm.dll
0x00007ffab2c40000 - 0x00007ffab2cec000 	C:\WINDOWS\System32\ADVAPI32.dll
0x00007ffab18f0000 - 0x00007ffab198b000 	C:\WINDOWS\System32\sechost.dll
0x00007ffab25d0000 - 0x00007ffab26fa000 	C:\WINDOWS\System32\RPCRT4.dll
0x00007ffab21b0000 - 0x00007ffab21b8000 	C:\WINDOWS\System32\PSAPI.DLL
0x00007ffa98370000 - 0x00007ffa98379000 	C:\WINDOWS\SYSTEM32\WSOCK32.dll
0x00007ffab1460000 - 0x00007ffab14cb000 	C:\WINDOWS\System32\WS2_32.dll
0x00007ffa96d40000 - 0x00007ffa96d67000 	C:\WINDOWS\SYSTEM32\WINMM.dll
0x00007ffaa0830000 - 0x00007ffaa083a000 	C:\WINDOWS\SYSTEM32\VERSION.dll
0x00007ffaae9d0000 - 0x00007ffaae9e2000 	C:\WINDOWS\SYSTEM32\kernel.appcore.dll
0x00007ffaaa060000 - 0x00007ffaaa06a000 	C:\Users\Пользователь\.jdks\openjdk-16.0.1\bin\jimage.dll
0x00007ffaa6d90000 - 0x00007ffaa6f74000 	C:\WINDOWS\SYSTEM32\DBGHELP.DLL
0x00007ffaa6bf0000 - 0x00007ffaa6c1c000 	C:\WINDOWS\SYSTEM32\dbgcore.DLL
0x00007ffab1220000 - 0x00007ffab12a3000 	C:\WINDOWS\System32\bcryptPrimitives.dll
0x00007ffaa9f70000 - 0x00007ffaa9f7e000 	C:\Users\Пользователь\.jdks\openjdk-16.0.1\bin\instrument.dll
0x00007ffaa9ff0000 - 0x00007ffaaa015000 	C:\Users\Пользователь\.jdks\openjdk-16.0.1\bin\java.dll
0x00007ffab1990000 - 0x00007ffab20cf000 	C:\WINDOWS\System32\SHELL32.dll
0x00007ffaaebd0000 - 0x00007ffaaf360000 	C:\WINDOWS\SYSTEM32\windows.storage.dll
0x00007ffab2700000 - 0x00007ffab2a55000 	C:\WINDOWS\System32\combase.dll
0x00007ffab0450000 - 0x00007ffab047e000 	C:\WINDOWS\SYSTEM32\Wldp.dll
0x00007ffab21c0000 - 0x00007ffab226d000 	C:\WINDOWS\System32\SHCORE.dll
0x00007ffab2d00000 - 0x00007ffab2d55000 	C:\WINDOWS\System32\shlwapi.dll
0x00007ffab0a10000 - 0x00007ffab0a2f000 	C:\WINDOWS\SYSTEM32\profapi.dll

dbghelp: loaded successfully - version: 4.0.5 - missing functions: none
symbol engine: initialized successfully - sym options: 0x614 - pdb path: .;C:\Users\Пользователь\.jdks\openjdk-16.0.1\bin;C:\WINDOWS\SYSTEM32;C:\WINDOWS\WinSxS\amd64_microsoft.windows.common-controls_6595b64144ccf1df_6.0.19041.1110_none_60b5254171f9507e;C:\Users\Пользователь\.jdks\openjdk-16.0.1\bin\server

VM Arguments:
jvm_args: -javaagent:C:\Program Files\JetBrains\IntelliJ IDEA Community Edition 2020.3.1\lib\idea_rt.jar=60123:C:\Program Files\JetBrains\IntelliJ IDEA Community Edition 2020.3.1\bin -Dfile.encoding=UTF-8 
java_command: com.company.Main
java_class_path (initial): C:\Users\Пользователь\OneDrive\Документы\KPI\ОП\Лабы\Лаб_7\lab_7_java\out\production\lab_7_java
Launcher Type: SUN_STANDARD

[Global flags]
     intx CICompilerCount                          = 2                                         {product} {ergonomic}
     uint ConcGCThreads                            = 1                                         {product} {ergonomic}
     uint G1ConcRefinementThreads                  = 2                                         {product} {ergonomic}
   size_t G1HeapRegionSize                         = 1048576                                   {product} {ergonomic}
    uintx GCDrainStackTargetSize                   = 64                                        {product} {ergonomic}
   size_t InitialHeapSize                          = 132120576                                 {product} {ergonomic}
   size_t MarkStackSize                            = 4194304                                   {product} {ergonomic}
   size_t MaxHeapSize                              = 2109734912                                {product} {ergonomic}
   size_t MaxNewSize                               = 1265631232                                {product} {ergonomic}
   size_t MinHeapDeltaBytes                        = 1048576                                   {product} {ergonomic}
   size_t MinHeapSize                              = 8388608                                   {product} {ergonomic}
    uintx NonNMethodCodeHeapSize                   = 5826188                                {pd product} {ergonomic}
    uintx NonProfiledCodeHeapSize                  = 122916026                              {pd product} {ergonomic}
    uintx ProfiledCodeHeapSize                     = 122916026                              {pd product} {ergonomic}
    uintx ReservedCodeCacheSize                    = 251658240                              {pd product} {ergonomic}
     bool SegmentedCodeCache                       = true                                      {product} {ergonomic}
   size_t SoftMaxHeapSize                          = 2109734912                             {manageable} {ergonomic}
     bool UseCompressedClassPointers               = true                           {product lp64_product} {ergonomic}
     bool UseCompressedOops                        = true                           {product lp64_product} {ergonomic}
     bool UseG1GC                                  = true                                      {product} {ergonomic}
     bool UseLargePagesIndividualAllocation        = false                                  {pd product} {ergonomic}

Logging:
Log output configuration:
 #0: stdout all=warning uptime,level,tags
 #1: stderr all=off uptime,level,tags

Environment Variables:
PATH=C:\Program Files (x86)\Common Files\Oracle\Java\javapath;C:\ProgramData\Oracle\Java\javapath;C:\WINDOWS\system32;C:\WINDOWS;C:\WINDOWS\System32\Wbem;C:\WINDOWS\System32\WindowsPowerShell\v1.0\;C:\WINDOWS\System32\OpenSSH\;C:\Program Files\Git\cmd;C:\Program Files\Microsoft SQL Server\130\Tools\Binn\;C:\Program Files\dotnet\;C:\Program Files\Microsoft SQL Server\Client SDK\ODBC\170\Tools\Binn\;C:\Users\Пользователь\AppData\Local\Microsoft\WindowsApps;C:\Users\Пользователь\.dotnet\tools
USERNAME=Пользователь
LANG=RUS_INKSCAPE
OS=Windows_NT
PROCESSOR_IDENTIFIER=Intel64 Family 6 Model 42 Stepping 7, GenuineIntel



---------------  S Y S T E M  ---------------

OS:
 Windows 10 , 64 bit Build 19041 (10.0.19041.1348)
OS uptime: 5 days 1:31 hours

CPU: total 2 (initial active 2) (2 cores per cpu, 1 threads per core) family 6 model 42 stepping 7 microcode 0x2f, cx8, cmov, fxsr, mmx, sse, sse2, sse3, ssse3, sse4.1, sse4.2, popcnt, tsc, tscinvbit, clmul, clflush

Memory: 4k page, system-wide physical 8044M (321M free)
TotalPageFile size 32620M (AvailPageFile size 3M)
current process WorkingSet (physical memory assigned to process): 27M, peak: 27M
current process commit charge ("private bytes"): 194M, peak: 194M

vm_info: OpenJDK 64-Bit Server VM (16.0.1+9-24) for windows-amd64 JRE (16.0.1+9-24), built on Mar 26 2021 19:30:07 by "mach5one" with MS VC++ 16.7 (VS2019)

END.
