#
# There is insufficient memory for the Java Runtime Environment to continue.
# Native memory allocation (malloc) failed to allocate 125328 bytes for Chunk::new
# Possible reasons:
#   The system is out of physical RAM or swap space
#   The process is running with CompressedOops enabled, and the Java Heap may be blocking the growth of the native heap
# Possible solutions:
#   Reduce memory load on the system
#   Increase physical memory or swap space
#   Check if swap backing store is full
#   Decrease Java heap size (-Xmx/-Xms)
#   Decrease number of Java threads
#   Decrease Java thread stack sizes (-Xss)
#   Set larger code cache with -XX:ReservedCodeCacheSize=
#   JVM is running with Unscaled Compressed Oops mode in which the Java heap is
#     placed in the first 4GB address space. The Java Heap base address is the
#     maximum limit for the native heap growth. Please use -XX:HeapBaseMinAddress
#     to set the Java Heap base and to place the Java Heap above 4GB virtual address.
# This output file may be truncated or incomplete.
#
#  Out of Memory Error (arena.cpp:195), pid=16028, tid=12524
#
# JRE version: OpenJDK Runtime Environment (16.0.1+9) (build 16.0.1+9-24)
# Java VM: OpenJDK 64-Bit Server VM (16.0.1+9-24, mixed mode, tiered, compressed oops, compressed class ptrs, g1 gc, windows-amd64)
# No core dump will be written. Minidumps are not enabled by default on client versions of Windows
#

---------------  S U M M A R Y ------------

Command Line: -agentlib:jdwp=transport=dt_socket,address=127.0.0.1:60221,suspend=y,server=n -javaagent:C:\Users\Пользователь\AppData\Local\JetBrains\IdeaIC2021.3\captureAgent\debugger-agent.jar -Dfile.encoding=UTF-8 com.company.Main

Host: Intel(R) Pentium(R) CPU B960 @ 2.20GHz, 2 cores, 7G,  Windows 10 , 64 bit Build 19041 (10.0.19041.1348)
Time: Sat Dec  4 02:10:59 2021  Windows 10 , 64 bit Build 19041 (10.0.19041.1348) elapsed time: 0.441823 seconds (0d 0h 0m 0s)

---------------  T H R E A D  ---------------

Current thread (0x0000027c801d9ee0):  JavaThread "C2 CompilerThread0" daemon [_thread_in_native, id=12524, stack(0x0000009dffd00000,0x0000009dffe00000)]


Current CompileTask:
C2:    441  139       4       java.util.HashMap::putVal (300 bytes)

Stack: [0x0000009dffd00000,0x0000009dffe00000]
Native frames: (J=compiled Java code, j=interpreted, Vv=VM code, C=native code)
V  [jvm.dll+0x6687ca]
V  [jvm.dll+0x7ca3c9]
V  [jvm.dll+0x7cbb53]
V  [jvm.dll+0x7cc1b3]
V  [jvm.dll+0x242ea5]
V  [jvm.dll+0xadeca]
V  [jvm.dll+0xae5ac]
V  [jvm.dll+0x35af27]
V  [jvm.dll+0x3253d1]
V  [jvm.dll+0x32487a]
V  [jvm.dll+0x215f3c]
V  [jvm.dll+0x215350]
V  [jvm.dll+0x1a1d9b]
V  [jvm.dll+0x2253a8]
V  [jvm.dll+0x2233ec]
V  [jvm.dll+0x780002]
V  [jvm.dll+0x779b4a]
V  [jvm.dll+0x667666]
C  [ucrtbase.dll+0x21bb2]
C  [KERNEL32.DLL+0x17034]
C  [ntdll.dll+0x52651]


---------------  P R O C E S S  ---------------

Threads class SMR info:
_java_thread_list=0x0000027c80cb84a0, length=11, elements={
0x0000027cdba9d980, 0x0000027c801ac250, 0x0000027c801ad110, 0x0000027c801d4ff0,
0x0000027c801d5bf0, 0x0000027c801d8700, 0x0000027c801d9100, 0x0000027c801d9ee0,
0x0000027c801dc9e0, 0x0000027c80c57fd0, 0x0000027c8011c0d0
}

Java Threads: ( => current thread )
  0x0000027cdba9d980 JavaThread "main" [_thread_in_native, id=17292, stack(0x0000009dff000000,0x0000009dff100000)]
  0x0000027c801ac250 JavaThread "Reference Handler" daemon [_thread_blocked, id=7968, stack(0x0000009dff700000,0x0000009dff800000)]
  0x0000027c801ad110 JavaThread "Finalizer" daemon [_thread_blocked, id=6444, stack(0x0000009dff800000,0x0000009dff900000)]
  0x0000027c801d4ff0 JavaThread "Signal Dispatcher" daemon [_thread_blocked, id=17912, stack(0x0000009dff900000,0x0000009dffa00000)]
  0x0000027c801d5bf0 JavaThread "Attach Listener" daemon [_thread_blocked, id=6340, stack(0x0000009dffa00000,0x0000009dffb00000)]
  0x0000027c801d8700 JavaThread "Service Thread" daemon [_thread_blocked, id=8704, stack(0x0000009dffb00000,0x0000009dffc00000)]
  0x0000027c801d9100 JavaThread "Monitor Deflation Thread" daemon [_thread_blocked, id=10972, stack(0x0000009dffc00000,0x0000009dffd00000)]
=>0x0000027c801d9ee0 JavaThread "C2 CompilerThread0" daemon [_thread_in_native, id=12524, stack(0x0000009dffd00000,0x0000009dffe00000)]
  0x0000027c801dc9e0 JavaThread "C1 CompilerThread0" daemon [_thread_blocked, id=15880, stack(0x0000009dffe00000,0x0000009dfff00000)]
  0x0000027c80c57fd0 JavaThread "Sweeper thread" daemon [_thread_blocked, id=15756, stack(0x0000009dfff00000,0x0000009e00000000)]
  0x0000027c8011c0d0 JavaThread "Common-Cleaner" daemon [_thread_blocked, id=10356, stack(0x0000009d80000000,0x0000009d80100000)]

Other Threads:
  0x0000027c8018bb60 VMThread "VM Thread" [stack: 0x0000009dff600000,0x0000009dff700000] [id=12916]
  0x0000027cdbadba00 GCTaskThread "GC Thread#0" [stack: 0x0000009dff100000,0x0000009dff200000] [id=10064]
  0x0000027cdbaed5d0 ConcurrentGCThread "G1 Main Marker" [stack: 0x0000009dff200000,0x0000009dff300000] [id=14036]
  0x0000027cdbaee040 ConcurrentGCThread "G1 Conc#0" [stack: 0x0000009dff300000,0x0000009dff400000] [id=12004]
  0x0000027cdbb59a50 ConcurrentGCThread "G1 Refine#0" [stack: 0x0000009dff400000,0x0000009dff500000] [id=15276]
  0x0000027cdbb5a4d0 ConcurrentGCThread "G1 Service" [stack: 0x0000009dff500000,0x0000009dff600000] [id=17700]

Threads with active compile tasks:
C2 CompilerThread0      471  139       4       java.util.HashMap::putVal (300 bytes)

VM state: not at safepoint (normal execution)

VM Mutex/Monitor currently owned by a thread: None

Heap address: 0x0000000082400000, size: 2012 MB, Compressed Oops mode: 32-bit

CDS disabled.
Compressed class space mapped at: 0x0000000100000000-0x0000000140000000, reserved size: 1073741824
Narrow klass base: 0x0000000000000000, Narrow klass shift: 3, Narrow klass range: 0x140000000

GC Precious Log:
 CPUs: 2 total, 2 available
 Memory: 8044M
 Large Page Support: Disabled
 NUMA Support: Disabled
 Compressed Oops: Enabled (32-bit)
 Heap Region Size: 1M
 Heap Min Capacity: 8M
 Heap Initial Capacity: 126M
 Heap Max Capacity: 2012M
 Pre-touch: Disabled
 Parallel Workers: 2
 Concurrent Workers: 1
 Concurrent Refinement Workers: 2
 Periodic GC: Disabled

Heap:
 garbage-first heap   total 129024K, used 1024K [0x0000000082400000, 0x0000000100000000)
  region size 1024K, 2 young (2048K), 0 survivors (0K)
 Metaspace       used 5131K, committed 5312K, reserved 1056768K
  class space    used 412K, committed 512K, reserved 1048576K

Heap Regions: E=young(eden), S=young(survivor), O=old, HS=humongous(starts), HC=humongous(continues), CS=collection set, F=free, OA=open archive, CA=closed archive, TAMS=top-at-mark-start (previous, next)
|   0|0x0000000082400000, 0x0000000082400000, 0x0000000082500000|  0%| F|  |TAMS 0x0000000082400000, 0x0000000082400000| Untracked 
|   1|0x0000000082500000, 0x0000000082500000, 0x0000000082600000|  0%| F|  |TAMS 0x0000000082500000, 0x0000000082500000| Untracked 
|   2|0x0000000082600000, 0x0000000082600000, 0x0000000082700000|  0%| F|  |TAMS 0x0000000082600000, 0x0000000082600000| Untracked 
|   3|0x0000000082700000, 0x0000000082700000, 0x0000000082800000|  0%| F|  |TAMS 0x0000000082700000, 0x0000000082700000| Untracked 
|   4|0x0000000082800000, 0x0000000082800000, 0x0000000082900000|  0%| F|  |TAMS 0x0000000082800000, 0x0000000082800000| Untracked 
|   5|0x0000000082900000, 0x0000000082900000, 0x0000000082a00000|  0%| F|  |TAMS 0x0000000082900000, 0x0000000082900000| Untracked 
|   6|0x0000000082a00000, 0x0000000082a00000, 0x0000000082b00000|  0%| F|  |TAMS 0x0000000082a00000, 0x0000000082a00000| Untracked 
|   7|0x0000000082b00000, 0x0000000082b00000, 0x0000000082c00000|  0%| F|  |TAMS 0x0000000082b00000, 0x0000000082b00000| Untracked 
|   8|0x0000000082c00000, 0x0000000082c00000, 0x0000000082d00000|  0%| F|  |TAMS 0x0000000082c00000, 0x0000000082c00000| Untracked 
|   9|0x0000000082d00000, 0x0000000082d00000, 0x0000000082e00000|  0%| F|  |TAMS 0x0000000082d00000, 0x0000000082d00000| Untracked 
|  10|0x0000000082e00000, 0x0000000082e00000, 0x0000000082f00000|  0%| F|  |TAMS 0x0000000082e00000, 0x0000000082e00000| Untracked 
|  11|0x0000000082f00000, 0x0000000082f00000, 0x0000000083000000|  0%| F|  |TAMS 0x0000000082f00000, 0x0000000082f00000| Untracked 
|  12|0x0000000083000000, 0x0000000083000000, 0x0000000083100000|  0%| F|  |TAMS 0x0000000083000000, 0x0000000083000000| Untracked 
|  13|0x0000000083100000, 0x0000000083100000, 0x0000000083200000|  0%| F|  |TAMS 0x0000000083100000, 0x0000000083100000| Untracked 
|  14|0x0000000083200000, 0x0000000083200000, 0x0000000083300000|  0%| F|  |TAMS 0x0000000083200000, 0x0000000083200000| Untracked 
|  15|0x0000000083300000, 0x0000000083300000, 0x0000000083400000|  0%| F|  |TAMS 0x0000000083300000, 0x0000000083300000| Untracked 
|  16|0x0000000083400000, 0x0000000083400000, 0x0000000083500000|  0%| F|  |TAMS 0x0000000083400000, 0x0000000083400000| Untracked 
|  17|0x0000000083500000, 0x0000000083500000, 0x0000000083600000|  0%| F|  |TAMS 0x0000000083500000, 0x0000000083500000| Untracked 
|  18|0x0000000083600000, 0x0000000083600000, 0x0000000083700000|  0%| F|  |TAMS 0x0000000083600000, 0x0000000083600000| Untracked 
|  19|0x0000000083700000, 0x0000000083700000, 0x0000000083800000|  0%| F|  |TAMS 0x0000000083700000, 0x0000000083700000| Untracked 
|  20|0x0000000083800000, 0x0000000083800000, 0x0000000083900000|  0%| F|  |TAMS 0x0000000083800000, 0x0000000083800000| Untracked 
|  21|0x0000000083900000, 0x0000000083900000, 0x0000000083a00000|  0%| F|  |TAMS 0x0000000083900000, 0x0000000083900000| Untracked 
|  22|0x0000000083a00000, 0x0000000083a00000, 0x0000000083b00000|  0%| F|  |TAMS 0x0000000083a00000, 0x0000000083a00000| Untracked 
|  23|0x0000000083b00000, 0x0000000083b00000, 0x0000000083c00000|  0%| F|  |TAMS 0x0000000083b00000, 0x0000000083b00000| Untracked 
|  24|0x0000000083c00000, 0x0000000083c00000, 0x0000000083d00000|  0%| F|  |TAMS 0x0000000083c00000, 0x0000000083c00000| Untracked 
|  25|0x0000000083d00000, 0x0000000083d00000, 0x0000000083e00000|  0%| F|  |TAMS 0x0000000083d00000, 0x0000000083d00000| Untracked 
|  26|0x0000000083e00000, 0x0000000083e00000, 0x0000000083f00000|  0%| F|  |TAMS 0x0000000083e00000, 0x0000000083e00000| Untracked 
|  27|0x0000000083f00000, 0x0000000083f00000, 0x0000000084000000|  0%| F|  |TAMS 0x0000000083f00000, 0x0000000083f00000| Untracked 
|  28|0x0000000084000000, 0x0000000084000000, 0x0000000084100000|  0%| F|  |TAMS 0x0000000084000000, 0x0000000084000000| Untracked 
|  29|0x0000000084100000, 0x0000000084100000, 0x0000000084200000|  0%| F|  |TAMS 0x0000000084100000, 0x0000000084100000| Untracked 
|  30|0x0000000084200000, 0x0000000084200000, 0x0000000084300000|  0%| F|  |TAMS 0x0000000084200000, 0x0000000084200000| Untracked 
|  31|0x0000000084300000, 0x0000000084300000, 0x0000000084400000|  0%| F|  |TAMS 0x0000000084300000, 0x0000000084300000| Untracked 
|  32|0x0000000084400000, 0x0000000084400000, 0x0000000084500000|  0%| F|  |TAMS 0x0000000084400000, 0x0000000084400000| Untracked 
|  33|0x0000000084500000, 0x0000000084500000, 0x0000000084600000|  0%| F|  |TAMS 0x0000000084500000, 0x0000000084500000| Untracked 
|  34|0x0000000084600000, 0x0000000084600000, 0x0000000084700000|  0%| F|  |TAMS 0x0000000084600000, 0x0000000084600000| Untracked 
|  35|0x0000000084700000, 0x0000000084700000, 0x0000000084800000|  0%| F|  |TAMS 0x0000000084700000, 0x0000000084700000| Untracked 
|  36|0x0000000084800000, 0x0000000084800000, 0x0000000084900000|  0%| F|  |TAMS 0x0000000084800000, 0x0000000084800000| Untracked 
|  37|0x0000000084900000, 0x0000000084900000, 0x0000000084a00000|  0%| F|  |TAMS 0x0000000084900000, 0x0000000084900000| Untracked 
|  38|0x0000000084a00000, 0x0000000084a00000, 0x0000000084b00000|  0%| F|  |TAMS 0x0000000084a00000, 0x0000000084a00000| Untracked 
|  39|0x0000000084b00000, 0x0000000084b00000, 0x0000000084c00000|  0%| F|  |TAMS 0x0000000084b00000, 0x0000000084b00000| Untracked 
|  40|0x0000000084c00000, 0x0000000084c00000, 0x0000000084d00000|  0%| F|  |TAMS 0x0000000084c00000, 0x0000000084c00000| Untracked 
|  41|0x0000000084d00000, 0x0000000084d00000, 0x0000000084e00000|  0%| F|  |TAMS 0x0000000084d00000, 0x0000000084d00000| Untracked 
|  42|0x0000000084e00000, 0x0000000084e00000, 0x0000000084f00000|  0%| F|  |TAMS 0x0000000084e00000, 0x0000000084e00000| Untracked 
|  43|0x0000000084f00000, 0x0000000084f00000, 0x0000000085000000|  0%| F|  |TAMS 0x0000000084f00000, 0x0000000084f00000| Untracked 
|  44|0x0000000085000000, 0x0000000085000000, 0x0000000085100000|  0%| F|  |TAMS 0x0000000085000000, 0x0000000085000000| Untracked 
|  45|0x0000000085100000, 0x0000000085100000, 0x0000000085200000|  0%| F|  |TAMS 0x0000000085100000, 0x0000000085100000| Untracked 
|  46|0x0000000085200000, 0x0000000085200000, 0x0000000085300000|  0%| F|  |TAMS 0x0000000085200000, 0x0000000085200000| Untracked 
|  47|0x0000000085300000, 0x0000000085300000, 0x0000000085400000|  0%| F|  |TAMS 0x0000000085300000, 0x0000000085300000| Untracked 
|  48|0x0000000085400000, 0x0000000085400000, 0x0000000085500000|  0%| F|  |TAMS 0x0000000085400000, 0x0000000085400000| Untracked 
|  49|0x0000000085500000, 0x0000000085500000, 0x0000000085600000|  0%| F|  |TAMS 0x0000000085500000, 0x0000000085500000| Untracked 
|  50|0x0000000085600000, 0x0000000085600000, 0x0000000085700000|  0%| F|  |TAMS 0x0000000085600000, 0x0000000085600000| Untracked 
|  51|0x0000000085700000, 0x0000000085700000, 0x0000000085800000|  0%| F|  |TAMS 0x0000000085700000, 0x0000000085700000| Untracked 
|  52|0x0000000085800000, 0x0000000085800000, 0x0000000085900000|  0%| F|  |TAMS 0x0000000085800000, 0x0000000085800000| Untracked 
|  53|0x0000000085900000, 0x0000000085900000, 0x0000000085a00000|  0%| F|  |TAMS 0x0000000085900000, 0x0000000085900000| Untracked 
|  54|0x0000000085a00000, 0x0000000085a00000, 0x0000000085b00000|  0%| F|  |TAMS 0x0000000085a00000, 0x0000000085a00000| Untracked 
|  55|0x0000000085b00000, 0x0000000085b00000, 0x0000000085c00000|  0%| F|  |TAMS 0x0000000085b00000, 0x0000000085b00000| Untracked 
|  56|0x0000000085c00000, 0x0000000085c00000, 0x0000000085d00000|  0%| F|  |TAMS 0x0000000085c00000, 0x0000000085c00000| Untracked 
|  57|0x0000000085d00000, 0x0000000085d00000, 0x0000000085e00000|  0%| F|  |TAMS 0x0000000085d00000, 0x0000000085d00000| Untracked 
|  58|0x0000000085e00000, 0x0000000085e00000, 0x0000000085f00000|  0%| F|  |TAMS 0x0000000085e00000, 0x0000000085e00000| Untracked 
|  59|0x0000000085f00000, 0x0000000085f00000, 0x0000000086000000|  0%| F|  |TAMS 0x0000000085f00000, 0x0000000085f00000| Untracked 
|  60|0x0000000086000000, 0x0000000086000000, 0x0000000086100000|  0%| F|  |TAMS 0x0000000086000000, 0x0000000086000000| Untracked 
|  61|0x0000000086100000, 0x0000000086100000, 0x0000000086200000|  0%| F|  |TAMS 0x0000000086100000, 0x0000000086100000| Untracked 
|  62|0x0000000086200000, 0x0000000086200000, 0x0000000086300000|  0%| F|  |TAMS 0x0000000086200000, 0x0000000086200000| Untracked 
|  63|0x0000000086300000, 0x0000000086300000, 0x0000000086400000|  0%| F|  |TAMS 0x0000000086300000, 0x0000000086300000| Untracked 
|  64|0x0000000086400000, 0x0000000086400000, 0x0000000086500000|  0%| F|  |TAMS 0x0000000086400000, 0x0000000086400000| Untracked 
|  65|0x0000000086500000, 0x0000000086500000, 0x0000000086600000|  0%| F|  |TAMS 0x0000000086500000, 0x0000000086500000| Untracked 
|  66|0x0000000086600000, 0x0000000086600000, 0x0000000086700000|  0%| F|  |TAMS 0x0000000086600000, 0x0000000086600000| Untracked 
|  67|0x0000000086700000, 0x0000000086700000, 0x0000000086800000|  0%| F|  |TAMS 0x0000000086700000, 0x0000000086700000| Untracked 
|  68|0x0000000086800000, 0x0000000086800000, 0x0000000086900000|  0%| F|  |TAMS 0x0000000086800000, 0x0000000086800000| Untracked 
|  69|0x0000000086900000, 0x0000000086900000, 0x0000000086a00000|  0%| F|  |TAMS 0x0000000086900000, 0x0000000086900000| Untracked 
|  70|0x0000000086a00000, 0x0000000086a00000, 0x0000000086b00000|  0%| F|  |TAMS 0x0000000086a00000, 0x0000000086a00000| Untracked 
|  71|0x0000000086b00000, 0x0000000086b00000, 0x0000000086c00000|  0%| F|  |TAMS 0x0000000086b00000, 0x0000000086b00000| Untracked 
|  72|0x0000000086c00000, 0x0000000086c00000, 0x0000000086d00000|  0%| F|  |TAMS 0x0000000086c00000, 0x0000000086c00000| Untracked 
|  73|0x0000000086d00000, 0x0000000086d00000, 0x0000000086e00000|  0%| F|  |TAMS 0x0000000086d00000, 0x0000000086d00000| Untracked 
|  74|0x0000000086e00000, 0x0000000086e00000, 0x0000000086f00000|  0%| F|  |TAMS 0x0000000086e00000, 0x0000000086e00000| Untracked 
|  75|0x0000000086f00000, 0x0000000086f00000, 0x0000000087000000|  0%| F|  |TAMS 0x0000000086f00000, 0x0000000086f00000| Untracked 
|  76|0x0000000087000000, 0x0000000087000000, 0x0000000087100000|  0%| F|  |TAMS 0x0000000087000000, 0x0000000087000000| Untracked 
|  77|0x0000000087100000, 0x0000000087100000, 0x0000000087200000|  0%| F|  |TAMS 0x0000000087100000, 0x0000000087100000| Untracked 
|  78|0x0000000087200000, 0x0000000087200000, 0x0000000087300000|  0%| F|  |TAMS 0x0000000087200000, 0x0000000087200000| Untracked 
|  79|0x0000000087300000, 0x0000000087300000, 0x0000000087400000|  0%| F|  |TAMS 0x0000000087300000, 0x0000000087300000| Untracked 
|  80|0x0000000087400000, 0x0000000087400000, 0x0000000087500000|  0%| F|  |TAMS 0x0000000087400000, 0x0000000087400000| Untracked 
|  81|0x0000000087500000, 0x0000000087500000, 0x0000000087600000|  0%| F|  |TAMS 0x0000000087500000, 0x0000000087500000| Untracked 
|  82|0x0000000087600000, 0x0000000087600000, 0x0000000087700000|  0%| F|  |TAMS 0x0000000087600000, 0x0000000087600000| Untracked 
|  83|0x0000000087700000, 0x0000000087700000, 0x0000000087800000|  0%| F|  |TAMS 0x0000000087700000, 0x0000000087700000| Untracked 
|  84|0x0000000087800000, 0x0000000087800000, 0x0000000087900000|  0%| F|  |TAMS 0x0000000087800000, 0x0000000087800000| Untracked 
|  85|0x0000000087900000, 0x0000000087900000, 0x0000000087a00000|  0%| F|  |TAMS 0x0000000087900000, 0x0000000087900000| Untracked 
|  86|0x0000000087a00000, 0x0000000087a00000, 0x0000000087b00000|  0%| F|  |TAMS 0x0000000087a00000, 0x0000000087a00000| Untracked 
|  87|0x0000000087b00000, 0x0000000087b00000, 0x0000000087c00000|  0%| F|  |TAMS 0x0000000087b00000, 0x0000000087b00000| Untracked 
|  88|0x0000000087c00000, 0x0000000087c00000, 0x0000000087d00000|  0%| F|  |TAMS 0x0000000087c00000, 0x0000000087c00000| Untracked 
|  89|0x0000000087d00000, 0x0000000087d00000, 0x0000000087e00000|  0%| F|  |TAMS 0x0000000087d00000, 0x0000000087d00000| Untracked 
|  90|0x0000000087e00000, 0x0000000087e00000, 0x0000000087f00000|  0%| F|  |TAMS 0x0000000087e00000, 0x0000000087e00000| Untracked 
|  91|0x0000000087f00000, 0x0000000087f00000, 0x0000000088000000|  0%| F|  |TAMS 0x0000000087f00000, 0x0000000087f00000| Untracked 
|  92|0x0000000088000000, 0x0000000088000000, 0x0000000088100000|  0%| F|  |TAMS 0x0000000088000000, 0x0000000088000000| Untracked 
|  93|0x0000000088100000, 0x0000000088100000, 0x0000000088200000|  0%| F|  |TAMS 0x0000000088100000, 0x0000000088100000| Untracked 
|  94|0x0000000088200000, 0x0000000088200000, 0x0000000088300000|  0%| F|  |TAMS 0x0000000088200000, 0x0000000088200000| Untracked 
|  95|0x0000000088300000, 0x0000000088300000, 0x0000000088400000|  0%| F|  |TAMS 0x0000000088300000, 0x0000000088300000| Untracked 
|  96|0x0000000088400000, 0x0000000088400000, 0x0000000088500000|  0%| F|  |TAMS 0x0000000088400000, 0x0000000088400000| Untracked 
|  97|0x0000000088500000, 0x0000000088500000, 0x0000000088600000|  0%| F|  |TAMS 0x0000000088500000, 0x0000000088500000| Untracked 
|  98|0x0000000088600000, 0x0000000088600000, 0x0000000088700000|  0%| F|  |TAMS 0x0000000088600000, 0x0000000088600000| Untracked 
|  99|0x0000000088700000, 0x0000000088700000, 0x0000000088800000|  0%| F|  |TAMS 0x0000000088700000, 0x0000000088700000| Untracked 
| 100|0x0000000088800000, 0x0000000088800000, 0x0000000088900000|  0%| F|  |TAMS 0x0000000088800000, 0x0000000088800000| Untracked 
| 101|0x0000000088900000, 0x0000000088900000, 0x0000000088a00000|  0%| F|  |TAMS 0x0000000088900000, 0x0000000088900000| Untracked 
| 102|0x0000000088a00000, 0x0000000088a00000, 0x0000000088b00000|  0%| F|  |TAMS 0x0000000088a00000, 0x0000000088a00000| Untracked 
| 103|0x0000000088b00000, 0x0000000088b00000, 0x0000000088c00000|  0%| F|  |TAMS 0x0000000088b00000, 0x0000000088b00000| Untracked 
| 104|0x0000000088c00000, 0x0000000088c00000, 0x0000000088d00000|  0%| F|  |TAMS 0x0000000088c00000, 0x0000000088c00000| Untracked 
| 105|0x0000000088d00000, 0x0000000088d00000, 0x0000000088e00000|  0%| F|  |TAMS 0x0000000088d00000, 0x0000000088d00000| Untracked 
| 106|0x0000000088e00000, 0x0000000088e00000, 0x0000000088f00000|  0%| F|  |TAMS 0x0000000088e00000, 0x0000000088e00000| Untracked 
| 107|0x0000000088f00000, 0x0000000088f00000, 0x0000000089000000|  0%| F|  |TAMS 0x0000000088f00000, 0x0000000088f00000| Untracked 
| 108|0x0000000089000000, 0x0000000089000000, 0x0000000089100000|  0%| F|  |TAMS 0x0000000089000000, 0x0000000089000000| Untracked 
| 109|0x0000000089100000, 0x0000000089100000, 0x0000000089200000|  0%| F|  |TAMS 0x0000000089100000, 0x0000000089100000| Untracked 
| 110|0x0000000089200000, 0x0000000089200000, 0x0000000089300000|  0%| F|  |TAMS 0x0000000089200000, 0x0000000089200000| Untracked 
| 111|0x0000000089300000, 0x0000000089300000, 0x0000000089400000|  0%| F|  |TAMS 0x0000000089300000, 0x0000000089300000| Untracked 
| 112|0x0000000089400000, 0x0000000089400000, 0x0000000089500000|  0%| F|  |TAMS 0x0000000089400000, 0x0000000089400000| Untracked 
| 113|0x0000000089500000, 0x0000000089500000, 0x0000000089600000|  0%| F|  |TAMS 0x0000000089500000, 0x0000000089500000| Untracked 
| 114|0x0000000089600000, 0x0000000089600000, 0x0000000089700000|  0%| F|  |TAMS 0x0000000089600000, 0x0000000089600000| Untracked 
| 115|0x0000000089700000, 0x0000000089700000, 0x0000000089800000|  0%| F|  |TAMS 0x0000000089700000, 0x0000000089700000| Untracked 
| 116|0x0000000089800000, 0x0000000089800000, 0x0000000089900000|  0%| F|  |TAMS 0x0000000089800000, 0x0000000089800000| Untracked 
| 117|0x0000000089900000, 0x0000000089900000, 0x0000000089a00000|  0%| F|  |TAMS 0x0000000089900000, 0x0000000089900000| Untracked 
| 118|0x0000000089a00000, 0x0000000089a00000, 0x0000000089b00000|  0%| F|  |TAMS 0x0000000089a00000, 0x0000000089a00000| Untracked 
| 119|0x0000000089b00000, 0x0000000089b00000, 0x0000000089c00000|  0%| F|  |TAMS 0x0000000089b00000, 0x0000000089b00000| Untracked 
| 120|0x0000000089c00000, 0x0000000089c00000, 0x0000000089d00000|  0%| F|  |TAMS 0x0000000089c00000, 0x0000000089c00000| Untracked 
| 121|0x0000000089d00000, 0x0000000089d00000, 0x0000000089e00000|  0%| F|  |TAMS 0x0000000089d00000, 0x0000000089d00000| Untracked 
| 122|0x0000000089e00000, 0x0000000089e00000, 0x0000000089f00000|  0%| F|  |TAMS 0x0000000089e00000, 0x0000000089e00000| Untracked 
| 123|0x0000000089f00000, 0x0000000089f00000, 0x000000008a000000|  0%| F|  |TAMS 0x0000000089f00000, 0x0000000089f00000| Untracked 
| 124|0x000000008a000000, 0x000000008a07b878, 0x000000008a100000| 48%| E|  |TAMS 0x000000008a000000, 0x000000008a000000| Complete 
| 125|0x000000008a100000, 0x000000008a200000, 0x000000008a200000|100%| E|CS|TAMS 0x000000008a100000, 0x000000008a100000| Complete 

Card table byte_map: [0x0000027cf2600000,0x0000027cf29f0000] _byte_map_base: 0x0000027cf21ee000

Marking Bits (Prev, Next): (CMBitMap*) 0x0000027cdbadd080, (CMBitMap*) 0x0000027cdbadd0c0
 Prev Bits: [0x0000027cf2de0000, 0x0000027cf4d50000)
 Next Bits: [0x0000027cf4d50000, 0x0000027cf6cc0000)

Polling page: 0x0000027cdb280000

Metaspace:

Usage:
  Non-class:      4.61 MB used.
      Class:    412.41 KB used.
       Both:      5.01 MB used.

Virtual space:
  Non-class space:        8.00 MB reserved,       4.69 MB ( 59%) committed,  1 nodes.
      Class space:        1.00 GB reserved,     512.00 KB ( <1%) committed,  1 nodes.
              Both:        1.01 GB reserved,       5.19 MB ( <1%) committed. 

Chunk freelists:
   Non-Class:  3.00 MB
       Class:  3.56 MB
        Both:  6.56 MB

MaxMetaspaceSize: 17179869184.00 GB
CompressedClassSpaceSize: 1.00 GB
 - commit_granule_bytes: 65536.
 - commit_granule_words: 8192.
 - virtual_space_node_default_size: 1048576.
 - enlarge_chunks_in_place: 1.
 - new_chunks_are_fully_committed: 0.
 - uncommit_free_chunks: 1.
 - use_allocation_guard: 0.
 - handle_deallocations: 1.


Internal statistics:

num_allocs_failed_limit: 0.
num_arena_births: 4.
num_arena_deaths: 0.
num_vsnodes_births: 2.
num_vsnodes_deaths: 0.
num_space_committed: 83.
num_space_uncommitted: 0.
num_chunks_returned_to_freelist: 0.
num_chunks_taken_from_freelist: 8.
num_chunk_merges: 0.
num_chunk_splits: 3.
num_chunks_enlarged: 1.
num_purges: 0.

CodeHeap 'non-profiled nmethods': size=120064Kb used=48Kb max_used=48Kb free=120015Kb
 bounds [0x0000027ceacd0000, 0x0000027ceaf40000, 0x0000027cf2210000]
CodeHeap 'profiled nmethods': size=120000Kb used=202Kb max_used=202Kb free=119797Kb
 bounds [0x0000027ce37a0000, 0x0000027ce3a10000, 0x0000027ceacd0000]
CodeHeap 'non-nmethods': size=5696Kb used=1140Kb max_used=1154Kb free=4555Kb
 bounds [0x0000027ce3210000, 0x0000027ce3480000, 0x0000027ce37a0000]
 total_blobs=501 nmethods=169 adapters=246
 compilation: enabled
              stopped_count=0, restarted_count=0
 full_count=0

Compilation events (20 events):
Event: 0.433 Thread 0x0000027c801d9ee0 nmethod 138 0x0000027ceacd9d90 code [0x0000027ceacd9f20, 0x0000027ceacda0d8]
Event: 0.433 Thread 0x0000027c801d9ee0  139       4       java.util.HashMap::putVal (300 bytes)
Event: 0.433 Thread 0x0000027c801dc9e0 nmethod 140 0x0000027ce37ca810 code [0x0000027ce37ca9e0, 0x0000027ce37cae18]
Event: 0.433 Thread 0x0000027c801dc9e0  141       3       java.util.AbstractSet::<init> (5 bytes)
Event: 0.434 Thread 0x0000027c801dc9e0 nmethod 141 0x0000027ce37caf90 code [0x0000027ce37cb140, 0x0000027ce37cb2f8]
Event: 0.434 Thread 0x0000027c801dc9e0  142       1       java.util.KeyValueHolder::getKey (5 bytes)
Event: 0.434 Thread 0x0000027c801dc9e0 nmethod 142 0x0000027ceacda190 code [0x0000027ceacda320, 0x0000027ceacda3f8]
Event: 0.434 Thread 0x0000027c801dc9e0  143       1       java.util.KeyValueHolder::getValue (5 bytes)
Event: 0.435 Thread 0x0000027c801dc9e0 nmethod 143 0x0000027ceacda490 code [0x0000027ceacda620, 0x0000027ceacda6f8]
Event: 0.435 Thread 0x0000027c801dc9e0  144       3       java.util.ImmutableCollections$MapN::probe (60 bytes)
Event: 0.435 Thread 0x0000027c801dc9e0 nmethod 144 0x0000027ce37cb410 code [0x0000027ce37cb600, 0x0000027ce37cbb58]
Event: 0.437 Thread 0x0000027c801dc9e0  146       3       java.util.concurrent.ConcurrentHashMap::casTabAt (21 bytes)
Event: 0.437 Thread 0x0000027c801dc9e0 nmethod 146 0x0000027ce37cbd90 code [0x0000027ce37cbf20, 0x0000027ce37cc098]
Event: 0.437 Thread 0x0000027c801dc9e0  147       3       java.util.Optional::ofNullable (19 bytes)
Event: 0.438 Thread 0x0000027c801dc9e0 nmethod 147 0x0000027ce37cc110 code [0x0000027ce37cc2c0, 0x0000027ce37cc578]
Event: 0.438 Thread 0x0000027c801dc9e0  148       3       java.util.ImmutableCollections$SetN$SetNIterator::<init> (36 bytes)
Event: 0.439 Thread 0x0000027c801dc9e0 nmethod 148 0x0000027ce37cc690 code [0x0000027ce37cc840, 0x0000027ce37cca38]
Event: 0.439 Thread 0x0000027c801dc9e0  149       1       java.lang.module.ModuleDescriptor::packages (5 bytes)
Event: 0.439 Thread 0x0000027c801dc9e0 nmethod 149 0x0000027ceacdac10 code [0x0000027ceacdada0, 0x0000027ceacdae78]
Event: 0.439 Thread 0x0000027c801dc9e0  150       3       java.util.Optional::orElse (16 bytes)

GC Heap History (0 events):
No events

Deoptimization events (0 events):
No events

Classes unloaded (0 events):
No events

Classes redefined (0 events):
No events

Internal exceptions (0 events):
No events

Events (20 events):
Event: 0.412 loading class java/util/HashMap$Values
Event: 0.412 loading class java/util/HashMap$Values done
Event: 0.412 loading class java/util/HashMap$ValueIterator
Event: 0.412 loading class java/util/HashMap$ValueIterator done
Event: 0.413 loading class java/util/LinkedHashSet
Event: 0.413 loading class java/util/LinkedHashSet done
Event: 0.413 loading class java/util/LinkedHashMap
Event: 0.414 loading class java/util/LinkedHashMap done
Event: 0.414 Executing  VM operation: HandshakeAllThreads
Event: 0.414 Executing  VM operation: HandshakeAllThreads done
Event: 0.415 loading class java/util/Collections$UnmodifiableCollection$1
Event: 0.415 loading class java/util/Collections$UnmodifiableCollection$1 done
Event: 0.416 loading class java/lang/module/ResolvedModule
Event: 0.416 loading class java/lang/module/ResolvedModule done
Event: 0.435 loading class jdk/internal/module/ModuleLoaderMap
Event: 0.435 loading class jdk/internal/module/ModuleLoaderMap done
Event: 0.435 loading class jdk/internal/module/ModuleLoaderMap$Mapper
Event: 0.436 loading class jdk/internal/module/ModuleLoaderMap$Mapper done
Event: 0.436 loading class jdk/internal/module/ModuleLoaderMap$Modules
Event: 0.437 loading class jdk/internal/module/ModuleLoaderMap$Modules done


Dynamic libraries:
0x00007ff7a3c80000 - 0x00007ff7a3c8e000 	C:\Users\Пользователь\.jdks\openjdk-16.0.1\bin\java.exe
0x00007ffab33b0000 - 0x00007ffab35a5000 	C:\WINDOWS\SYSTEM32\ntdll.dll
0x00007ffab3220000 - 0x00007ffab32de000 	C:\WINDOWS\System32\KERNEL32.DLL
0x00007ffab0f50000 - 0x00007ffab1218000 	C:\WINDOWS\System32\KERNELBASE.dll
0x00007ffab0b00000 - 0x00007ffab0c00000 	C:\WINDOWS\System32\ucrtbase.dll
0x00007ffaaa100000 - 0x00007ffaaa118000 	C:\Users\Пользователь\.jdks\openjdk-16.0.1\bin\jli.dll
0x00007ffab15f0000 - 0x00007ffab1791000 	C:\WINDOWS\System32\USER32.dll
0x00007ffab0ad0000 - 0x00007ffab0af2000 	C:\WINDOWS\System32\win32u.dll
0x00007ffaaa0e0000 - 0x00007ffaaa0f9000 	C:\Users\Пользователь\.jdks\openjdk-16.0.1\bin\VCRUNTIME140.dll
0x00007ffab2d60000 - 0x00007ffab2d8b000 	C:\WINDOWS\System32\GDI32.dll
0x00007ffab0c00000 - 0x00007ffab0d0b000 	C:\WINDOWS\System32\gdi32full.dll
0x00007ffab12b0000 - 0x00007ffab134d000 	C:\WINDOWS\System32\msvcp_win.dll
0x00007ffa9df10000 - 0x00007ffa9e1aa000 	C:\WINDOWS\WinSxS\amd64_microsoft.windows.common-controls_6595b64144ccf1df_6.0.19041.1110_none_60b5254171f9507e\COMCTL32.dll
0x00007ffab2270000 - 0x00007ffab230e000 	C:\WINDOWS\System32\msvcrt.dll
0x00007ffab3340000 - 0x00007ffab3370000 	C:\WINDOWS\System32\IMM32.DLL
0x00007ffaab330000 - 0x00007ffaab33c000 	C:\Users\Пользователь\.jdks\openjdk-16.0.1\bin\vcruntime140_1.dll
0x00007ffaa9fd0000 - 0x00007ffaaa061000 	C:\Users\Пользователь\.jdks\openjdk-16.0.1\bin\msvcp140.dll
0x00007ffa85c80000 - 0x00007ffa8682b000 	C:\Users\Пользователь\.jdks\openjdk-16.0.1\bin\server\jvm.dll
0x00007ffab2c40000 - 0x00007ffab2cec000 	C:\WINDOWS\System32\ADVAPI32.dll
0x00007ffab18f0000 - 0x00007ffab198b000 	C:\WINDOWS\System32\sechost.dll
0x00007ffab25d0000 - 0x00007ffab26fa000 	C:\WINDOWS\System32\RPCRT4.dll
0x00007ffab21b0000 - 0x00007ffab21b8000 	C:\WINDOWS\System32\PSAPI.DLL
0x00007ffa98370000 - 0x00007ffa98379000 	C:\WINDOWS\SYSTEM32\WSOCK32.dll
0x00007ffab1460000 - 0x00007ffab14cb000 	C:\WINDOWS\System32\WS2_32.dll
0x00007ffa96d40000 - 0x00007ffa96d67000 	C:\WINDOWS\SYSTEM32\WINMM.dll
0x00007ffaa0830000 - 0x00007ffaa083a000 	C:\WINDOWS\SYSTEM32\VERSION.dll
0x00007ffaae9d0000 - 0x00007ffaae9e2000 	C:\WINDOWS\SYSTEM32\kernel.appcore.dll
0x00007ffaaa0d0000 - 0x00007ffaaa0da000 	C:\Users\Пользователь\.jdks\openjdk-16.0.1\bin\jimage.dll
0x00007ffaa6d90000 - 0x00007ffaa6f74000 	C:\WINDOWS\SYSTEM32\DBGHELP.DLL
0x00007ffaa6bf0000 - 0x00007ffaa6c1c000 	C:\WINDOWS\SYSTEM32\dbgcore.DLL
0x00007ffab1220000 - 0x00007ffab12a3000 	C:\WINDOWS\System32\bcryptPrimitives.dll
0x00007ffaa9f00000 - 0x00007ffaa9f3b000 	C:\Users\Пользователь\.jdks\openjdk-16.0.1\bin\jdwp.dll
0x00007ffaaa090000 - 0x00007ffaaa09e000 	C:\Users\Пользователь\.jdks\openjdk-16.0.1\bin\instrument.dll
0x00007ffaaa0a0000 - 0x00007ffaaa0c5000 	C:\Users\Пользователь\.jdks\openjdk-16.0.1\bin\java.dll
0x00007ffaa9dc0000 - 0x00007ffaa9dd8000 	C:\Users\Пользователь\.jdks\openjdk-16.0.1\bin\zip.dll
0x00007ffab1990000 - 0x00007ffab20cf000 	C:\WINDOWS\System32\SHELL32.dll
0x00007ffaaebd0000 - 0x00007ffaaf360000 	C:\WINDOWS\SYSTEM32\windows.storage.dll
0x00007ffab2700000 - 0x00007ffab2a55000 	C:\WINDOWS\System32\combase.dll
0x00007ffab0450000 - 0x00007ffab047e000 	C:\WINDOWS\SYSTEM32\Wldp.dll
0x00007ffab21c0000 - 0x00007ffab226d000 	C:\WINDOWS\System32\SHCORE.dll
0x00007ffab2d00000 - 0x00007ffab2d55000 	C:\WINDOWS\System32\shlwapi.dll
0x00007ffab0a10000 - 0x00007ffab0a2f000 	C:\WINDOWS\SYSTEM32\profapi.dll

dbghelp: loaded successfully - version: 4.0.5 - missing functions: none
symbol engine: initialized successfully - sym options: 0x614 - pdb path: .;C:\Users\Пользователь\.jdks\openjdk-16.0.1\bin;C:\WINDOWS\SYSTEM32;C:\WINDOWS\WinSxS\amd64_microsoft.windows.common-controls_6595b64144ccf1df_6.0.19041.1110_none_60b5254171f9507e;C:\Users\Пользователь\.jdks\openjdk-16.0.1\bin\server

VM Arguments:
jvm_args: -agentlib:jdwp=transport=dt_socket,address=127.0.0.1:60221,suspend=y,server=n -javaagent:C:\Users\Пользователь\AppData\Local\JetBrains\IdeaIC2021.3\captureAgent\debugger-agent.jar -Dfile.encoding=UTF-8 
java_command: com.company.Main
java_class_path (initial): C:\Users\Пользователь\OneDrive\Документы\KPI\ОП\Лабы\Лаб_7\lab_7_java\out\production\lab_7_java;C:\Program Files\JetBrains\IntelliJ IDEA Community Edition 2020.3.1\lib\idea_rt.jar
Launcher Type: SUN_STANDARD

[Global flags]
     intx CICompilerCount                          = 2                                         {product} {ergonomic}
     uint ConcGCThreads                            = 1                                         {product} {ergonomic}
     uint G1ConcRefinementThreads                  = 2                                         {product} {ergonomic}
   size_t G1HeapRegionSize                         = 1048576                                   {product} {ergonomic}
    uintx GCDrainStackTargetSize                   = 64                                        {product} {ergonomic}
   size_t InitialHeapSize                          = 132120576                                 {product} {ergonomic}
   size_t MarkStackSize                            = 4194304                                   {product} {ergonomic}
   size_t MaxHeapSize                              = 2109734912                                {product} {ergonomic}
   size_t MaxNewSize                               = 1265631232                                {product} {ergonomic}
   size_t MinHeapDeltaBytes                        = 1048576                                   {product} {ergonomic}
   size_t MinHeapSize                              = 8388608                                   {product} {ergonomic}
    uintx NonNMethodCodeHeapSize                   = 5826188                                {pd product} {ergonomic}
    uintx NonProfiledCodeHeapSize                  = 122916026                              {pd product} {ergonomic}
    uintx ProfiledCodeHeapSize                     = 122916026                              {pd product} {ergonomic}
    uintx ReservedCodeCacheSize                    = 251658240                              {pd product} {ergonomic}
     bool SegmentedCodeCache                       = true                                      {product} {ergonomic}
   size_t SoftMaxHeapSize                          = 2109734912                             {manageable} {ergonomic}
     bool UseCompressedClassPointers               = true                           {product lp64_product} {ergonomic}
     bool UseCompressedOops                        = true                           {product lp64_product} {ergonomic}
     bool UseG1GC                                  = true                                      {product} {ergonomic}
     bool UseLargePagesIndividualAllocation        = false                                  {pd product} {ergonomic}

Logging:
Log output configuration:
 #0: stdout all=warning uptime,level,tags
 #1: stderr all=off uptime,level,tags

Environment Variables:
PATH=C:\Program Files (x86)\Common Files\Oracle\Java\javapath;C:\ProgramData\Oracle\Java\javapath;C:\WINDOWS\system32;C:\WINDOWS;C:\WINDOWS\System32\Wbem;C:\WINDOWS\System32\WindowsPowerShell\v1.0\;C:\WINDOWS\System32\OpenSSH\;C:\Program Files\Git\cmd;C:\Program Files\Microsoft SQL Server\130\Tools\Binn\;C:\Program Files\dotnet\;C:\Program Files\Microsoft SQL Server\Client SDK\ODBC\170\Tools\Binn\;C:\Users\Пользователь\AppData\Local\Microsoft\WindowsApps;C:\Users\Пользователь\.dotnet\tools
USERNAME=Пользователь
LANG=RUS_INKSCAPE
OS=Windows_NT
PROCESSOR_IDENTIFIER=Intel64 Family 6 Model 42 Stepping 7, GenuineIntel



---------------  S Y S T E M  ---------------

OS:
 Windows 10 , 64 bit Build 19041 (10.0.19041.1348)
OS uptime: 5 days 1:44 hours

CPU: total 2 (initial active 2) (2 cores per cpu, 1 threads per core) family 6 model 42 stepping 7 microcode 0x2f, cx8, cmov, fxsr, mmx, sse, sse2, sse3, ssse3, sse4.1, sse4.2, popcnt, tsc, tscinvbit, clmul, clflush

Memory: 4k page, system-wide physical 8044M (417M free)
TotalPageFile size 32620M (AvailPageFile size 1M)
current process WorkingSet (physical memory assigned to process): 29M, peak: 29M
current process commit charge ("private bytes"): 189M, peak: 190M

vm_info: OpenJDK 64-Bit Server VM (16.0.1+9-24) for windows-amd64 JRE (16.0.1+9-24), built on Mar 26 2021 19:30:07 by "mach5one" with MS VC++ 16.7 (VS2019)

END.
